<?xml version="1.0" ?>
<testsuites disabled="0" errors="100" failures="29" tests="500" time="275543.0">
	<testsuite disabled="0" errors="100" failures="29" hostname="jenkins.hevangel.com" name="my test suite" skipped="38" tests="500" time="275543" timestamp="2020-04-17 20:26:37.820548">
		<testcase classname="myclass0" name="mytest0" time="861.000000">
			<system-out>stdout output</system-out>
			<system-err>stderr output</system-err>
		</testcase>
		<testcase classname="myclass0" name="mytest1" time="149.000000">
			<failure message="failure 0 1" type="FAIL1">failure output message</failure>
			<system-out>stdout output</system-out>
			<system-err>stderr output</system-err>
		</testcase>
		<testcase classname="myclass0" name="mytest2" time="936.000000">
			<system-out>stdout output</system-out>
			<system-err>stderr output</system-err>
		</testcase>
		<testcase classname="myclass0" name="mytest3" time="136.000000">
			<system-out>stdout output</system-out>
			<system-err>stderr output</system-err>
		</testcase>
		<testcase classname="myclass0" name="mytest4" time="428.000000">
			<system-out>stdout output</system-out>
			<system-err>stderr output</system-err>
		</testcase>
		<testcase classname="myclass0" name="mytest5" time="879.000000">
			<failure message="failure 0 5" type="FAIL1">failure output message</failure>
			<system-out>stdout output</system-out>
			<system-err>stderr output</system-err>
		</testcase>
		<testcase classname="myclass0" name="mytest6" time="404.000000">
			<skipped message="skipped 0 6" type="skipped">skipped output message</skipped>
			<system-out>stdout output</system-out>
			<system-err>stderr output</system-err>
		</testcase>
		<testcase classname="myclass0" name="mytest7" time="671.000000">
			<failure message="failure 0 7" type="FAIL1">failure output message</failure>
			<system-out>stdout output</system-out>
			<system-err>stderr output</system-err>
		</testcase>
		<testcase classname="myclass0" name="mytest8" time="343.000000">
			<skipped message="skipped 0 8" type="skipped">skipped output message</skipped>
			<system-out>stdout output</system-out>
			<system-err>stderr output</system-err>
		</testcase>
		<testcase classname="myclass0" name="mytest9" time="672.000000">
			<system-out>stdout output</system-out>
			<system-err>stderr output</system-err>
		</testcase>
		<testcase classname="myclass0" name="mytest10" time="451.000000">
			<system-out>stdout output</system-out>
			<system-err>stderr output</system-err>
		</testcase>
		<testcase classname="myclass0" name="mytest11" time="705.000000">
			<error message="error 0 11" type="ERR1">error output message</error>
			<system-out>stdout output</system-out>
			<system-err>stderr output</system-err>
		</testcase>
		<testcase classname="myclass0" name="mytest12" time="579.000000">
			<system-out>stdout output</system-out>
			<system-err>stderr output</system-err>
		</testcase>
		<testcase classname="myclass0" name="mytest13" time="791.000000">
			<system-out>stdout output</system-out>
			<system-err>stderr output</system-err>
		</testcase>
		<testcase classname="myclass0" name="mytest14" time="573.000000">
			<system-out>stdout output</system-out>
			<system-err>stderr output</system-err>
		</testcase>
		<testcase classname="myclass0" name="mytest15" time="910.000000">
			<system-out>stdout output</system-out>
			<system-err>stderr output</system-err>
		</testcase>
		<testcase classname="myclass0" name="mytest16" time="224.000000">
			<system-out>stdout output</system-out>
			<system-err>stderr output</system-err>
		</testcase>
		<testcase classname="myclass0" name="mytest17" time="634.000000">
			<system-out>stdout output</system-out>
			<system-err>stderr output</system-err>
		</testcase>
		<testcase classname="myclass0" name="mytest18" time="777.000000">
			<system-out>stdout output</system-out>
			<system-err>stderr output</system-err>
		</testcase>
		<testcase classname="myclass0" name="mytest19" time="946.000000">
			<skipped message="skipped 0 19" type="skipped">skipped output message</skipped>
			<system-out>stdout output</system-out>
			<system-err>stderr output</system-err>
		</testcase>
		<testcase classname="myclass0" name="mytest20" time="539.000000">
			<error message="error 0 20" type="ERR1">error output message</error>
			<system-out>stdout output</system-out>
			<system-err>stderr output</system-err>
		</testcase>
		<testcase classname="myclass0" name="mytest21" time="832.000000">
			<failure message="failure 0 21" type="FAIL1">failure output message</failure>
			<system-out>stdout output</system-out>
			<system-err>stderr output</system-err>
		</testcase>
		<testcase classname="myclass0" name="mytest22" time="394.000000">
			<skipped message="skipped 0 22" type="skipped">skipped output message</skipped>
			<system-out>stdout output</system-out>
			<system-err>stderr output</system-err>
		</testcase>
		<testcase classname="myclass0" name="mytest23" time="542.000000">
			<system-out>stdout output</system-out>
			<system-err>stderr output</system-err>
		</testcase>
		<testcase classname="myclass0" name="mytest24" time="296.000000">
			<system-out>stdout output</system-out>
			<system-err>stderr output</system-err>
		</testcase>
		<testcase classname="myclass0" name="mytest25" time="833.000000">
			<system-out>stdout output</system-out>
			<system-err>stderr output</system-err>
		</testcase>
		<testcase classname="myclass0" name="mytest26" time="150.000000">
			<system-out>stdout output</system-out>
			<system-err>stderr output</system-err>
		</testcase>
		<testcase classname="myclass0" name="mytest27" time="368.000000">
			<error message="error 0 27" type="ERR1">error output message</error>
			<system-out>stdout output</system-out>
			<system-err>stderr output</system-err>
		</testcase>
		<testcase classname="myclass0" name="mytest28" time="628.000000">
			<system-out>stdout output</system-out>
			<system-err>stderr output</system-err>
		</testcase>
		<testcase classname="myclass0" name="mytest29" time="811.000000">
			<system-out>stdout output</system-out>
			<system-err>stderr output</system-err>
		</testcase>
		<testcase classname="myclass0" name="mytest30" time="324.000000">
			<skipped message="skipped 0 30" type="skipped">skipped output message</skipped>
			<system-out>stdout output</system-out>
			<system-err>stderr output</system-err>
		</testcase>
		<testcase classname="myclass0" name="mytest31" time="640.000000">
			<system-out>stdout output</system-out>
			<system-err>stderr output</system-err>
		</testcase>
		<testcase classname="myclass0" name="mytest32" time="166.000000">
			<system-out>stdout output</system-out>
			<system-err>stderr output</system-err>
		</testcase>
		<testcase classname="myclass0" name="mytest33" time="320.000000">
			<system-out>stdout output</system-out>
			<system-err>stderr output</system-err>
		</testcase>
		<testcase classname="myclass0" name="mytest34" time="782.000000">
			<system-out>stdout output</system-out>
			<system-err>stderr output</system-err>
		</testcase>
		<testcase classname="myclass0" name="mytest35" time="262.000000">
			<system-out>stdout output</system-out>
			<system-err>stderr output</system-err>
		</testcase>
		<testcase classname="myclass0" name="mytest36" time="132.000000">
			<error message="error 0 36" type="ERR1">error output message</error>
			<system-out>stdout output</system-out>
			<system-err>stderr output</system-err>
		</testcase>
		<testcase classname="myclass0" name="mytest37" time="893.000000">
			<system-out>stdout output</system-out>
			<system-err>stderr output</system-err>
		</testcase>
		<testcase classname="myclass0" name="mytest38" time="940.000000">
			<system-out>stdout output</system-out>
			<system-err>stderr output</system-err>
		</testcase>
		<testcase classname="myclass0" name="mytest39" time="621.000000">
			<skipped message="skipped 0 39" type="skipped">skipped output message</skipped>
			<system-out>stdout output</system-out>
			<system-err>stderr output</system-err>
		</testcase>
		<testcase classname="myclass0" name="mytest40" time="877.000000">
			<system-out>stdout output</system-out>
			<system-err>stderr output</system-err>
		</testcase>
		<testcase classname="myclass0" name="mytest41" time="348.000000">
			<system-out>stdout output</system-out>
			<system-err>stderr output</system-err>
		</testcase>
		<testcase classname="myclass0" name="mytest42" time="572.000000">
			<skipped message="skipped 0 42" type="skipped">skipped output message</skipped>
			<system-out>stdout output</system-out>
			<system-err>stderr output</system-err>
		</testcase>
		<testcase classname="myclass0" name="mytest43" time="104.000000">
			<system-out>stdout output</system-out>
			<system-err>stderr output</system-err>
		</testcase>
		<testcase classname="myclass0" name="mytest44" time="489.000000">
			<error message="error 0 44" type="ERR1">error output message</error>
			<system-out>stdout output</system-out>
			<system-err>stderr output</system-err>
		</testcase>
		<testcase classname="myclass0" name="mytest45" time="657.000000">
			<error message="error 0 45" type="ERR1">error output message</error>
			<system-out>stdout output</system-out>
			<system-err>stderr output</system-err>
		</testcase>
		<testcase classname="myclass0" name="mytest46" time="506.000000">
			<system-out>stdout output</system-out>
			<system-err>stderr output</system-err>
		</testcase>
		<testcase classname="myclass0" name="mytest47" time="730.000000">
			<error message="error 0 47" type="ERR1">error output message</error>
			<system-out>stdout output</system-out>
			<system-err>stderr output</system-err>
		</testcase>
		<testcase classname="myclass0" name="mytest48" time="489.000000">
			<system-out>stdout output</system-out>
			<system-err>stderr output</system-err>
		</testcase>
		<testcase classname="myclass0" name="mytest49" time="827.000000">
			<error message="error 0 49" type="ERR1">error output message</error>
			<system-out>stdout output</system-out>
			<system-err>stderr output</system-err>
		</testcase>
		<testcase classname="myclass1" name="mytest0" time="710.000000">
			<system-out>stdout output</system-out>
			<system-err>stderr output</system-err>
		</testcase>
		<testcase classname="myclass1" name="mytest1" time="222.000000">
			<failure message="failure 1 1" type="FAIL1">failure output message</failure>
			<system-out>stdout output</system-out>
			<system-err>stderr output</system-err>
		</testcase>
		<testcase classname="myclass1" name="mytest2" time="375.000000">
			<system-out>stdout output</system-out>
			<system-err>stderr output</system-err>
		</testcase>
		<testcase classname="myclass1" name="mytest3" time="953.000000">
			<system-out>stdout output</system-out>
			<system-err>stderr output</system-err>
		</testcase>
		<testcase classname="myclass1" name="mytest4" time="926.000000">
			<system-out>stdout output</system-out>
			<system-err>stderr output</system-err>
		</testcase>
		<testcase classname="myclass1" name="mytest5" time="670.000000">
			<error message="error 1 5" type="ERR1">error output message</error>
			<system-out>stdout output</system-out>
			<system-err>stderr output</system-err>
		</testcase>
		<testcase classname="myclass1" name="mytest6" time="622.000000">
			<system-out>stdout output</system-out>
			<system-err>stderr output</system-err>
		</testcase>
		<testcase classname="myclass1" name="mytest7" time="762.000000">
			<failure message="failure 1 7" type="FAIL1">failure output message</failure>
			<system-out>stdout output</system-out>
			<system-err>stderr output</system-err>
		</testcase>
		<testcase classname="myclass1" name="mytest8" time="735.000000">
			<system-out>stdout output</system-out>
			<system-err>stderr output</system-err>
		</testcase>
		<testcase classname="myclass1" name="mytest9" time="878.000000">
			<error message="error 1 9" type="ERR1">error output message</error>
			<system-out>stdout output</system-out>
			<system-err>stderr output</system-err>
		</testcase>
		<testcase classname="myclass1" name="mytest10" time="672.000000">
			<failure message="failure 1 10" type="FAIL1">failure output message</failure>
			<system-out>stdout output</system-out>
			<system-err>stderr output</system-err>
		</testcase>
		<testcase classname="myclass1" name="mytest11" time="410.000000">
			<system-out>stdout output</system-out>
			<system-err>stderr output</system-err>
		</testcase>
		<testcase classname="myclass1" name="mytest12" time="824.000000">
			<system-out>stdout output</system-out>
			<system-err>stderr output</system-err>
		</testcase>
		<testcase classname="myclass1" name="mytest13" time="424.000000">
			<error message="error 1 13" type="ERR1">error output message</error>
			<system-out>stdout output</system-out>
			<system-err>stderr output</system-err>
		</testcase>
		<testcase classname="myclass1" name="mytest14" time="214.000000">
			<system-out>stdout output</system-out>
			<system-err>stderr output</system-err>
		</testcase>
		<testcase classname="myclass1" name="mytest15" time="812.000000">
			<error message="error 1 15" type="ERR1">error output message</error>
			<system-out>stdout output</system-out>
			<system-err>stderr output</system-err>
		</testcase>
		<testcase classname="myclass1" name="mytest16" time="521.000000">
			<system-out>stdout output</system-out>
			<system-err>stderr output</system-err>
		</testcase>
		<testcase classname="myclass1" name="mytest17" time="577.000000">
			<system-out>stdout output</system-out>
			<system-err>stderr output</system-err>
		</testcase>
		<testcase classname="myclass1" name="mytest18" time="945.000000">
			<system-out>stdout output</system-out>
			<system-err>stderr output</system-err>
		</testcase>
		<testcase classname="myclass1" name="mytest19" time="123.000000">
			<error message="error 1 19" type="ERR1">error output message</error>
			<system-out>stdout output</system-out>
			<system-err>stderr output</system-err>
		</testcase>
		<testcase classname="myclass1" name="mytest20" time="581.000000">
			<system-out>stdout output</system-out>
			<system-err>stderr output</system-err>
		</testcase>
		<testcase classname="myclass1" name="mytest21" time="997.000000">
			<system-out>stdout output</system-out>
			<system-err>stderr output</system-err>
		</testcase>
		<testcase classname="myclass1" name="mytest22" time="448.000000">
			<system-out>stdout output</system-out>
			<system-err>stderr output</system-err>
		</testcase>
		<testcase classname="myclass1" name="mytest23" time="432.000000">
			<system-out>stdout output</system-out>
			<system-err>stderr output</system-err>
		</testcase>
		<testcase classname="myclass1" name="mytest24" time="768.000000">
			<system-out>stdout output</system-out>
			<system-err>stderr output</system-err>
		</testcase>
		<testcase classname="myclass1" name="mytest25" time="713.000000">
			<error message="error 1 25" type="ERR1">error output message</error>
			<system-out>stdout output</system-out>
			<system-err>stderr output</system-err>
		</testcase>
		<testcase classname="myclass1" name="mytest26" time="913.000000">
			<system-out>stdout output</system-out>
			<system-err>stderr output</system-err>
		</testcase>
		<testcase classname="myclass1" name="mytest27" time="649.000000">
			<error message="error 1 27" type="ERR1">error output message</error>
			<system-out>stdout output</system-out>
			<system-err>stderr output</system-err>
		</testcase>
		<testcase classname="myclass1" name="mytest28" time="408.000000">
			<system-out>stdout output</system-out>
			<system-err>stderr output</system-err>
		</testcase>
		<testcase classname="myclass1" name="mytest29" time="865.000000">
			<system-out>stdout output</system-out>
			<system-err>stderr output</system-err>
		</testcase>
		<testcase classname="myclass1" name="mytest30" time="240.000000">
			<system-out>stdout output</system-out>
			<system-err>stderr output</system-err>
		</testcase>
		<testcase classname="myclass1" name="mytest31" time="131.000000">
			<failure message="failure 1 31" type="FAIL1">failure output message</failure>
			<system-out>stdout output</system-out>
			<system-err>stderr output</system-err>
		</testcase>
		<testcase classname="myclass1" name="mytest32" time="428.000000">
			<system-out>stdout output</system-out>
			<system-err>stderr output</system-err>
		</testcase>
		<testcase classname="myclass1" name="mytest33" time="118.000000">
			<system-out>stdout output</system-out>
			<system-err>stderr output</system-err>
		</testcase>
		<testcase classname="myclass1" name="mytest34" time="386.000000">
			<error message="error 1 34" type="ERR1">error output message</error>
			<system-out>stdout output</system-out>
			<system-err>stderr output</system-err>
		</testcase>
		<testcase classname="myclass1" name="mytest35" time="296.000000">
			<skipped message="skipped 1 35" type="skipped">skipped output message</skipped>
			<system-out>stdout output</system-out>
			<system-err>stderr output</system-err>
		</testcase>
		<testcase classname="myclass1" name="mytest36" time="927.000000">
			<skipped message="skipped 1 36" type="skipped">skipped output message</skipped>
			<system-out>stdout output</system-out>
			<system-err>stderr output</system-err>
		</testcase>
		<testcase classname="myclass1" name="mytest37" time="619.000000">
			<system-out>stdout output</system-out>
			<system-err>stderr output</system-err>
		</testcase>
		<testcase classname="myclass1" name="mytest38" time="575.000000">
			<error message="error 1 38" type="ERR1">error output message</error>
			<system-out>stdout output</system-out>
			<system-err>stderr output</system-err>
		</testcase>
		<testcase classname="myclass1" name="mytest39" time="384.000000">
			<skipped message="skipped 1 39" type="skipped">skipped output message</skipped>
			<system-out>stdout output</system-out>
			<system-err>stderr output</system-err>
		</testcase>
		<testcase classname="myclass1" name="mytest40" time="781.000000">
			<system-out>stdout output</system-out>
			<system-err>stderr output</system-err>
		</testcase>
		<testcase classname="myclass1" name="mytest41" time="489.000000">
			<system-out>stdout output</system-out>
			<system-err>stderr output</system-err>
		</testcase>
		<testcase classname="myclass1" name="mytest42" time="982.000000">
			<system-out>stdout output</system-out>
			<system-err>stderr output</system-err>
		</testcase>
		<testcase classname="myclass1" name="mytest43" time="315.000000">
			<system-out>stdout output</system-out>
			<system-err>stderr output</system-err>
		</testcase>
		<testcase classname="myclass1" name="mytest44" time="858.000000">
			<error message="error 1 44" type="ERR1">error output message</error>
			<system-out>stdout output</system-out>
			<system-err>stderr output</system-err>
		</testcase>
		<testcase classname="myclass1" name="mytest45" time="144.000000">
			<system-out>stdout output</system-out>
			<system-err>stderr output</system-err>
		</testcase>
		<testcase classname="myclass1" name="mytest46" time="586.000000">
			<system-out>stdout output</system-out>
			<system-err>stderr output</system-err>
		</testcase>
		<testcase classname="myclass1" name="mytest47" time="934.000000">
			<system-out>stdout output</system-out>
			<system-err>stderr output</system-err>
		</testcase>
		<testcase classname="myclass1" name="mytest48" time="572.000000">
			<system-out>stdout output</system-out>
			<system-err>stderr output</system-err>
		</testcase>
		<testcase classname="myclass1" name="mytest49" time="472.000000">
			<error message="error 1 49" type="ERR1">error output message</error>
			<system-out>stdout output</system-out>
			<system-err>stderr output</system-err>
		</testcase>
		<testcase classname="myclass2" name="mytest0" time="899.000000">
			<error message="error 2 0" type="ERR1">error output message</error>
			<system-out>stdout output</system-out>
			<system-err>stderr output</system-err>
		</testcase>
		<testcase classname="myclass2" name="mytest1" time="285.000000">
			<skipped message="skipped 2 1" type="skipped">skipped output message</skipped>
			<system-out>stdout output</system-out>
			<system-err>stderr output</system-err>
		</testcase>
		<testcase classname="myclass2" name="mytest2" time="392.000000">
			<system-out>stdout output</system-out>
			<system-err>stderr output</system-err>
		</testcase>
		<testcase classname="myclass2" name="mytest3" time="645.000000">
			<system-out>stdout output</system-out>
			<system-err>stderr output</system-err>
		</testcase>
		<testcase classname="myclass2" name="mytest4" time="812.000000">
			<system-out>stdout output</system-out>
			<system-err>stderr output</system-err>
		</testcase>
		<testcase classname="myclass2" name="mytest5" time="263.000000">
			<system-out>stdout output</system-out>
			<system-err>stderr output</system-err>
		</testcase>
		<testcase classname="myclass2" name="mytest6" time="219.000000">
			<error message="error 2 6" type="ERR1">error output message</error>
			<system-out>stdout output</system-out>
			<system-err>stderr output</system-err>
		</testcase>
		<testcase classname="myclass2" name="mytest7" time="130.000000">
			<system-out>stdout output</system-out>
			<system-err>stderr output</system-err>
		</testcase>
		<testcase classname="myclass2" name="mytest8" time="590.000000">
			<system-out>stdout output</system-out>
			<system-err>stderr output</system-err>
		</testcase>
		<testcase classname="myclass2" name="mytest9" time="746.000000">
			<skipped message="skipped 2 9" type="skipped">skipped output message</skipped>
			<system-out>stdout output</system-out>
			<system-err>stderr output</system-err>
		</testcase>
		<testcase classname="myclass2" name="mytest10" time="360.000000">
			<system-out>stdout output</system-out>
			<system-err>stderr output</system-err>
		</testcase>
		<testcase classname="myclass2" name="mytest11" time="630.000000">
			<system-out>stdout output</system-out>
			<system-err>stderr output</system-err>
		</testcase>
		<testcase classname="myclass2" name="mytest12" time="837.000000">
			<error message="error 2 12" type="ERR1">error output message</error>
			<system-out>stdout output</system-out>
			<system-err>stderr output</system-err>
		</testcase>
		<testcase classname="myclass2" name="mytest13" time="738.000000">
			<error message="error 2 13" type="ERR1">error output message</error>
			<system-out>stdout output</system-out>
			<system-err>stderr output</system-err>
		</testcase>
		<testcase classname="myclass2" name="mytest14" time="863.000000">
			<error message="error 2 14" type="ERR1">error output message</error>
			<system-out>stdout output</system-out>
			<system-err>stderr output</system-err>
		</testcase>
		<testcase classname="myclass2" name="mytest15" time="586.000000">
			<system-out>stdout output</system-out>
			<system-err>stderr output</system-err>
		</testcase>
		<testcase classname="myclass2" name="mytest16" time="258.000000">
			<error message="error 2 16" type="ERR1">error output message</error>
			<system-out>stdout output</system-out>
			<system-err>stderr output</system-err>
		</testcase>
		<testcase classname="myclass2" name="mytest17" time="580.000000">
			<system-out>stdout output</system-out>
			<system-err>stderr output</system-err>
		</testcase>
		<testcase classname="myclass2" name="mytest18" time="929.000000">
			<system-out>stdout output</system-out>
			<system-err>stderr output</system-err>
		</testcase>
		<testcase classname="myclass2" name="mytest19" time="750.000000">
			<skipped message="skipped 2 19" type="skipped">skipped output message</skipped>
			<system-out>stdout output</system-out>
			<system-err>stderr output</system-err>
		</testcase>
		<testcase classname="myclass2" name="mytest20" time="342.000000">
			<error message="error 2 20" type="ERR1">error output message</error>
			<system-out>stdout output</system-out>
			<system-err>stderr output</system-err>
		</testcase>
		<testcase classname="myclass2" name="mytest21" time="697.000000">
			<system-out>stdout output</system-out>
			<system-err>stderr output</system-err>
		</testcase>
		<testcase classname="myclass2" name="mytest22" time="318.000000">
			<system-out>stdout output</system-out>
			<system-err>stderr output</system-err>
		</testcase>
		<testcase classname="myclass2" name="mytest23" time="304.000000">
			<system-out>stdout output</system-out>
			<system-err>stderr output</system-err>
		</testcase>
		<testcase classname="myclass2" name="mytest24" time="349.000000">
			<system-out>stdout output</system-out>
			<system-err>stderr output</system-err>
		</testcase>
		<testcase classname="myclass2" name="mytest25" time="505.000000">
			<error message="error 2 25" type="ERR1">error output message</error>
			<system-out>stdout output</system-out>
			<system-err>stderr output</system-err>
		</testcase>
		<testcase classname="myclass2" name="mytest26" time="299.000000">
			<system-out>stdout output</system-out>
			<system-err>stderr output</system-err>
		</testcase>
		<testcase classname="myclass2" name="mytest27" time="589.000000">
			<system-out>stdout output</system-out>
			<system-err>stderr output</system-err>
		</testcase>
		<testcase classname="myclass2" name="mytest28" time="299.000000">
			<system-out>stdout output</system-out>
			<system-err>stderr output</system-err>
		</testcase>
		<testcase classname="myclass2" name="mytest29" time="211.000000">
			<error message="error 2 29" type="ERR1">error output message</error>
			<system-out>stdout output</system-out>
			<system-err>stderr output</system-err>
		</testcase>
		<testcase classname="myclass2" name="mytest30" time="638.000000">
			<system-out>stdout output</system-out>
			<system-err>stderr output</system-err>
		</testcase>
		<testcase classname="myclass2" name="mytest31" time="272.000000">
			<system-out>stdout output</system-out>
			<system-err>stderr output</system-err>
		</testcase>
		<testcase classname="myclass2" name="mytest32" time="165.000000">
			<error message="error 2 32" type="ERR1">error output message</error>
			<system-out>stdout output</system-out>
			<system-err>stderr output</system-err>
		</testcase>
		<testcase classname="myclass2" name="mytest33" time="552.000000">
			<system-out>stdout output</system-out>
			<system-err>stderr output</system-err>
		</testcase>
		<testcase classname="myclass2" name="mytest34" time="665.000000">
			<error message="error 2 34" type="ERR1">error output message</error>
			<system-out>stdout output</system-out>
			<system-err>stderr output</system-err>
		</testcase>
		<testcase classname="myclass2" name="mytest35" time="712.000000">
			<system-out>stdout output</system-out>
			<system-err>stderr output</system-err>
		</testcase>
		<testcase classname="myclass2" name="mytest36" time="604.000000">
			<error message="error 2 36" type="ERR1">error output message</error>
			<system-out>stdout output</system-out>
			<system-err>stderr output</system-err>
		</testcase>
		<testcase classname="myclass2" name="mytest37" time="267.000000">
			<system-out>stdout output</system-out>
			<system-err>stderr output</system-err>
		</testcase>
		<testcase classname="myclass2" name="mytest38" time="986.000000">
			<system-out>stdout output</system-out>
			<system-err>stderr output</system-err>
		</testcase>
		<testcase classname="myclass2" name="mytest39" time="912.000000">
			<error message="error 2 39" type="ERR1">error output message</error>
			<system-out>stdout output</system-out>
			<system-err>stderr output</system-err>
		</testcase>
		<testcase classname="myclass2" name="mytest40" time="629.000000">
			<system-out>stdout output</system-out>
			<system-err>stderr output</system-err>
		</testcase>
		<testcase classname="myclass2" name="mytest41" time="374.000000">
			<skipped message="skipped 2 41" type="skipped">skipped output message</skipped>
			<system-out>stdout output</system-out>
			<system-err>stderr output</system-err>
		</testcase>
		<testcase classname="myclass2" name="mytest42" time="184.000000">
			<error message="error 2 42" type="ERR1">error output message</error>
			<system-out>stdout output</system-out>
			<system-err>stderr output</system-err>
		</testcase>
		<testcase classname="myclass2" name="mytest43" time="979.000000">
			<skipped message="skipped 2 43" type="skipped">skipped output message</skipped>
			<system-out>stdout output</system-out>
			<system-err>stderr output</system-err>
		</testcase>
		<testcase classname="myclass2" name="mytest44" time="573.000000">
			<failure message="failure 2 44" type="FAIL1">failure output message</failure>
			<system-out>stdout output</system-out>
			<system-err>stderr output</system-err>
		</testcase>
		<testcase classname="myclass2" name="mytest45" time="221.000000">
			<system-out>stdout output</system-out>
			<system-err>stderr output</system-err>
		</testcase>
		<testcase classname="myclass2" name="mytest46" time="141.000000">
			<error message="error 2 46" type="ERR1">error output message</error>
			<system-out>stdout output</system-out>
			<system-err>stderr output</system-err>
		</testcase>
		<testcase classname="myclass2" name="mytest47" time="741.000000">
			<system-out>stdout output</system-out>
			<system-err>stderr output</system-err>
		</testcase>
		<testcase classname="myclass2" name="mytest48" time="319.000000">
			<system-out>stdout output</system-out>
			<system-err>stderr output</system-err>
		</testcase>
		<testcase classname="myclass2" name="mytest49" time="772.000000">
			<system-out>stdout output</system-out>
			<system-err>stderr output</system-err>
		</testcase>
		<testcase classname="myclass3" name="mytest0" time="133.000000">
			<system-out>stdout output</system-out>
			<system-err>stderr output</system-err>
		</testcase>
		<testcase classname="myclass3" name="mytest1" time="603.000000">
			<failure message="failure 3 1" type="FAIL1">failure output message</failure>
			<system-out>stdout output</system-out>
			<system-err>stderr output</system-err>
		</testcase>
		<testcase classname="myclass3" name="mytest2" time="990.000000">
			<system-out>stdout output</system-out>
			<system-err>stderr output</system-err>
		</testcase>
		<testcase classname="myclass3" name="mytest3" time="137.000000">
			<system-out>stdout output</system-out>
			<system-err>stderr output</system-err>
		</testcase>
		<testcase classname="myclass3" name="mytest4" time="604.000000">
			<system-out>stdout output</system-out>
			<system-err>stderr output</system-err>
		</testcase>
		<testcase classname="myclass3" name="mytest5" time="710.000000">
			<system-out>stdout output</system-out>
			<system-err>stderr output</system-err>
		</testcase>
		<testcase classname="myclass3" name="mytest6" time="679.000000">
			<system-out>stdout output</system-out>
			<system-err>stderr output</system-err>
		</testcase>
		<testcase classname="myclass3" name="mytest7" time="286.000000">
			<system-out>stdout output</system-out>
			<system-err>stderr output</system-err>
		</testcase>
		<testcase classname="myclass3" name="mytest8" time="520.000000">
			<system-out>stdout output</system-out>
			<system-err>stderr output</system-err>
		</testcase>
		<testcase classname="myclass3" name="mytest9" time="423.000000">
			<error message="error 3 9" type="ERR1">error output message</error>
			<system-out>stdout output</system-out>
			<system-err>stderr output</system-err>
		</testcase>
		<testcase classname="myclass3" name="mytest10" time="381.000000">
			<system-out>stdout output</system-out>
			<system-err>stderr output</system-err>
		</testcase>
		<testcase classname="myclass3" name="mytest11" time="101.000000">
			<error message="error 3 11" type="ERR1">error output message</error>
			<system-out>stdout output</system-out>
			<system-err>stderr output</system-err>
		</testcase>
		<testcase classname="myclass3" name="mytest12" time="978.000000">
			<system-out>stdout output</system-out>
			<system-err>stderr output</system-err>
		</testcase>
		<testcase classname="myclass3" name="mytest13" time="143.000000">
			<system-out>stdout output</system-out>
			<system-err>stderr output</system-err>
		</testcase>
		<testcase classname="myclass3" name="mytest14" time="446.000000">
			<system-out>stdout output</system-out>
			<system-err>stderr output</system-err>
		</testcase>
		<testcase classname="myclass3" name="mytest15" time="664.000000">
			<system-out>stdout output</system-out>
			<system-err>stderr output</system-err>
		</testcase>
		<testcase classname="myclass3" name="mytest16" time="727.000000">
			<system-out>stdout output</system-out>
			<system-err>stderr output</system-err>
		</testcase>
		<testcase classname="myclass3" name="mytest17" time="345.000000">
			<error message="error 3 17" type="ERR1">error output message</error>
			<system-out>stdout output</system-out>
			<system-err>stderr output</system-err>
		</testcase>
		<testcase classname="myclass3" name="mytest18" time="115.000000">
			<system-out>stdout output</system-out>
			<system-err>stderr output</system-err>
		</testcase>
		<testcase classname="myclass3" name="mytest19" time="641.000000">
			<system-out>stdout output</system-out>
			<system-err>stderr output</system-err>
		</testcase>
		<testcase classname="myclass3" name="mytest20" time="684.000000">
			<system-out>stdout output</system-out>
			<system-err>stderr output</system-err>
		</testcase>
		<testcase classname="myclass3" name="mytest21" time="640.000000">
			<system-out>stdout output</system-out>
			<system-err>stderr output</system-err>
		</testcase>
		<testcase classname="myclass3" name="mytest22" time="319.000000">
			<system-out>stdout output</system-out>
			<system-err>stderr output</system-err>
		</testcase>
		<testcase classname="myclass3" name="mytest23" time="850.000000">
			<error message="error 3 23" type="ERR1">error output message</error>
			<system-out>stdout output</system-out>
			<system-err>stderr output</system-err>
		</testcase>
		<testcase classname="myclass3" name="mytest24" time="478.000000">
			<system-out>stdout output</system-out>
			<system-err>stderr output</system-err>
		</testcase>
		<testcase classname="myclass3" name="mytest25" time="768.000000">
			<system-out>stdout output</system-out>
			<system-err>stderr output</system-err>
		</testcase>
		<testcase classname="myclass3" name="mytest26" time="1000.000000">
			<system-out>stdout output</system-out>
			<system-err>stderr output</system-err>
		</testcase>
		<testcase classname="myclass3" name="mytest27" time="813.000000">
			<system-out>stdout output</system-out>
			<system-err>stderr output</system-err>
		</testcase>
		<testcase classname="myclass3" name="mytest28" time="164.000000">
			<error message="error 3 28" type="ERR1">error output message</error>
			<system-out>stdout output</system-out>
			<system-err>stderr output</system-err>
		</testcase>
		<testcase classname="myclass3" name="mytest29" time="845.000000">
			<system-out>stdout output</system-out>
			<system-err>stderr output</system-err>
		</testcase>
		<testcase classname="myclass3" name="mytest30" time="245.000000">
			<system-out>stdout output</system-out>
			<system-err>stderr output</system-err>
		</testcase>
		<testcase classname="myclass3" name="mytest31" time="893.000000">
			<system-out>stdout output</system-out>
			<system-err>stderr output</system-err>
		</testcase>
		<testcase classname="myclass3" name="mytest32" time="282.000000">
			<system-out>stdout output</system-out>
			<system-err>stderr output</system-err>
		</testcase>
		<testcase classname="myclass3" name="mytest33" time="683.000000">
			<system-out>stdout output</system-out>
			<system-err>stderr output</system-err>
		</testcase>
		<testcase classname="myclass3" name="mytest34" time="416.000000">
			<system-out>stdout output</system-out>
			<system-err>stderr output</system-err>
		</testcase>
		<testcase classname="myclass3" name="mytest35" time="446.000000">
			<system-out>stdout output</system-out>
			<system-err>stderr output</system-err>
		</testcase>
		<testcase classname="myclass3" name="mytest36" time="734.000000">
			<error message="error 3 36" type="ERR1">error output message</error>
			<system-out>stdout output</system-out>
			<system-err>stderr output</system-err>
		</testcase>
		<testcase classname="myclass3" name="mytest37" time="364.000000">
			<error message="error 3 37" type="ERR1">error output message</error>
			<system-out>stdout output</system-out>
			<system-err>stderr output</system-err>
		</testcase>
		<testcase classname="myclass3" name="mytest38" time="933.000000">
			<error message="error 3 38" type="ERR1">error output message</error>
			<system-out>stdout output</system-out>
			<system-err>stderr output</system-err>
		</testcase>
		<testcase classname="myclass3" name="mytest39" time="937.000000">
			<system-out>stdout output</system-out>
			<system-err>stderr output</system-err>
		</testcase>
		<testcase classname="myclass3" name="mytest40" time="628.000000">
			<system-out>stdout output</system-out>
			<system-err>stderr output</system-err>
		</testcase>
		<testcase classname="myclass3" name="mytest41" time="273.000000">
			<system-out>stdout output</system-out>
			<system-err>stderr output</system-err>
		</testcase>
		<testcase classname="myclass3" name="mytest42" time="718.000000">
			<system-out>stdout output</system-out>
			<system-err>stderr output</system-err>
		</testcase>
		<testcase classname="myclass3" name="mytest43" time="278.000000">
			<failure message="failure 3 43" type="FAIL1">failure output message</failure>
			<system-out>stdout output</system-out>
			<system-err>stderr output</system-err>
		</testcase>
		<testcase classname="myclass3" name="mytest44" time="246.000000">
			<system-out>stdout output</system-out>
			<system-err>stderr output</system-err>
		</testcase>
		<testcase classname="myclass3" name="mytest45" time="219.000000">
			<system-out>stdout output</system-out>
			<system-err>stderr output</system-err>
		</testcase>
		<testcase classname="myclass3" name="mytest46" time="989.000000">
			<system-out>stdout output</system-out>
			<system-err>stderr output</system-err>
		</testcase>
		<testcase classname="myclass3" name="mytest47" time="508.000000">
			<system-out>stdout output</system-out>
			<system-err>stderr output</system-err>
		</testcase>
		<testcase classname="myclass3" name="mytest48" time="186.000000">
			<system-out>stdout output</system-out>
			<system-err>stderr output</system-err>
		</testcase>
		<testcase classname="myclass3" name="mytest49" time="174.000000">
			<system-out>stdout output</system-out>
			<system-err>stderr output</system-err>
		</testcase>
		<testcase classname="myclass4" name="mytest0" time="177.000000">
			<system-out>stdout output</system-out>
			<system-err>stderr output</system-err>
		</testcase>
		<testcase classname="myclass4" name="mytest1" time="600.000000">
			<system-out>stdout output</system-out>
			<system-err>stderr output</system-err>
		</testcase>
		<testcase classname="myclass4" name="mytest2" time="411.000000">
			<skipped message="skipped 4 2" type="skipped">skipped output message</skipped>
			<system-out>stdout output</system-out>
			<system-err>stderr output</system-err>
		</testcase>
		<testcase classname="myclass4" name="mytest3" time="576.000000">
			<system-out>stdout output</system-out>
			<system-err>stderr output</system-err>
		</testcase>
		<testcase classname="myclass4" name="mytest4" time="198.000000">
			<system-out>stdout output</system-out>
			<system-err>stderr output</system-err>
		</testcase>
		<testcase classname="myclass4" name="mytest5" time="910.000000">
			<skipped message="skipped 4 5" type="skipped">skipped output message</skipped>
			<system-out>stdout output</system-out>
			<system-err>stderr output</system-err>
		</testcase>
		<testcase classname="myclass4" name="mytest6" time="214.000000">
			<error message="error 4 6" type="ERR1">error output message</error>
			<system-out>stdout output</system-out>
			<system-err>stderr output</system-err>
		</testcase>
		<testcase classname="myclass4" name="mytest7" time="335.000000">
			<system-out>stdout output</system-out>
			<system-err>stderr output</system-err>
		</testcase>
		<testcase classname="myclass4" name="mytest8" time="510.000000">
			<system-out>stdout output</system-out>
			<system-err>stderr output</system-err>
		</testcase>
		<testcase classname="myclass4" name="mytest9" time="969.000000">
			<error message="error 4 9" type="ERR1">error output message</error>
			<system-out>stdout output</system-out>
			<system-err>stderr output</system-err>
		</testcase>
		<testcase classname="myclass4" name="mytest10" time="222.000000">
			<system-out>stdout output</system-out>
			<system-err>stderr output</system-err>
		</testcase>
		<testcase classname="myclass4" name="mytest11" time="518.000000">
			<skipped message="skipped 4 11" type="skipped">skipped output message</skipped>
			<system-out>stdout output</system-out>
			<system-err>stderr output</system-err>
		</testcase>
		<testcase classname="myclass4" name="mytest12" time="849.000000">
			<system-out>stdout output</system-out>
			<system-err>stderr output</system-err>
		</testcase>
		<testcase classname="myclass4" name="mytest13" time="124.000000">
			<system-out>stdout output</system-out>
			<system-err>stderr output</system-err>
		</testcase>
		<testcase classname="myclass4" name="mytest14" time="537.000000">
			<system-out>stdout output</system-out>
			<system-err>stderr output</system-err>
		</testcase>
		<testcase classname="myclass4" name="mytest15" time="355.000000">
			<error message="error 4 15" type="ERR1">error output message</error>
			<system-out>stdout output</system-out>
			<system-err>stderr output</system-err>
		</testcase>
		<testcase classname="myclass4" name="mytest16" time="142.000000">
			<system-out>stdout output</system-out>
			<system-err>stderr output</system-err>
		</testcase>
		<testcase classname="myclass4" name="mytest17" time="953.000000">
			<system-out>stdout output</system-out>
			<system-err>stderr output</system-err>
		</testcase>
		<testcase classname="myclass4" name="mytest18" time="371.000000">
			<system-out>stdout output</system-out>
			<system-err>stderr output</system-err>
		</testcase>
		<testcase classname="myclass4" name="mytest19" time="225.000000">
			<skipped message="skipped 4 19" type="skipped">skipped output message</skipped>
			<system-out>stdout output</system-out>
			<system-err>stderr output</system-err>
		</testcase>
		<testcase classname="myclass4" name="mytest20" time="986.000000">
			<error message="error 4 20" type="ERR1">error output message</error>
			<system-out>stdout output</system-out>
			<system-err>stderr output</system-err>
		</testcase>
		<testcase classname="myclass4" name="mytest21" time="909.000000">
			<system-out>stdout output</system-out>
			<system-err>stderr output</system-err>
		</testcase>
		<testcase classname="myclass4" name="mytest22" time="819.000000">
			<system-out>stdout output</system-out>
			<system-err>stderr output</system-err>
		</testcase>
		<testcase classname="myclass4" name="mytest23" time="709.000000">
			<system-out>stdout output</system-out>
			<system-err>stderr output</system-err>
		</testcase>
		<testcase classname="myclass4" name="mytest24" time="810.000000">
			<system-out>stdout output</system-out>
			<system-err>stderr output</system-err>
		</testcase>
		<testcase classname="myclass4" name="mytest25" time="600.000000">
			<error message="error 4 25" type="ERR1">error output message</error>
			<system-out>stdout output</system-out>
			<system-err>stderr output</system-err>
		</testcase>
		<testcase classname="myclass4" name="mytest26" time="983.000000">
			<system-out>stdout output</system-out>
			<system-err>stderr output</system-err>
		</testcase>
		<testcase classname="myclass4" name="mytest27" time="944.000000">
			<error message="error 4 27" type="ERR1">error output message</error>
			<system-out>stdout output</system-out>
			<system-err>stderr output</system-err>
		</testcase>
		<testcase classname="myclass4" name="mytest28" time="575.000000">
			<system-out>stdout output</system-out>
			<system-err>stderr output</system-err>
		</testcase>
		<testcase classname="myclass4" name="mytest29" time="155.000000">
			<system-out>stdout output</system-out>
			<system-err>stderr output</system-err>
		</testcase>
		<testcase classname="myclass4" name="mytest30" time="432.000000">
			<system-out>stdout output</system-out>
			<system-err>stderr output</system-err>
		</testcase>
		<testcase classname="myclass4" name="mytest31" time="647.000000">
			<system-out>stdout output</system-out>
			<system-err>stderr output</system-err>
		</testcase>
		<testcase classname="myclass4" name="mytest32" time="373.000000">
			<system-out>stdout output</system-out>
			<system-err>stderr output</system-err>
		</testcase>
		<testcase classname="myclass4" name="mytest33" time="866.000000">
			<error message="error 4 33" type="ERR1">error output message</error>
			<system-out>stdout output</system-out>
			<system-err>stderr output</system-err>
		</testcase>
		<testcase classname="myclass4" name="mytest34" time="678.000000">
			<failure message="failure 4 34" type="FAIL1">failure output message</failure>
			<system-out>stdout output</system-out>
			<system-err>stderr output</system-err>
		</testcase>
		<testcase classname="myclass4" name="mytest35" time="858.000000">
			<system-out>stdout output</system-out>
			<system-err>stderr output</system-err>
		</testcase>
		<testcase classname="myclass4" name="mytest36" time="698.000000">
			<failure message="failure 4 36" type="FAIL1">failure output message</failure>
			<system-out>stdout output</system-out>
			<system-err>stderr output</system-err>
		</testcase>
		<testcase classname="myclass4" name="mytest37" time="361.000000">
			<system-out>stdout output</system-out>
			<system-err>stderr output</system-err>
		</testcase>
		<testcase classname="myclass4" name="mytest38" time="748.000000">
			<error message="error 4 38" type="ERR1">error output message</error>
			<system-out>stdout output</system-out>
			<system-err>stderr output</system-err>
		</testcase>
		<testcase classname="myclass4" name="mytest39" time="890.000000">
			<error message="error 4 39" type="ERR1">error output message</error>
			<system-out>stdout output</system-out>
			<system-err>stderr output</system-err>
		</testcase>
		<testcase classname="myclass4" name="mytest40" time="800.000000">
			<system-out>stdout output</system-out>
			<system-err>stderr output</system-err>
		</testcase>
		<testcase classname="myclass4" name="mytest41" time="448.000000">
			<system-out>stdout output</system-out>
			<system-err>stderr output</system-err>
		</testcase>
		<testcase classname="myclass4" name="mytest42" time="979.000000">
			<system-out>stdout output</system-out>
			<system-err>stderr output</system-err>
		</testcase>
		<testcase classname="myclass4" name="mytest43" time="427.000000">
			<system-out>stdout output</system-out>
			<system-err>stderr output</system-err>
		</testcase>
		<testcase classname="myclass4" name="mytest44" time="876.000000">
			<system-out>stdout output</system-out>
			<system-err>stderr output</system-err>
		</testcase>
		<testcase classname="myclass4" name="mytest45" time="627.000000">
			<system-out>stdout output</system-out>
			<system-err>stderr output</system-err>
		</testcase>
		<testcase classname="myclass4" name="mytest46" time="389.000000">
			<error message="error 4 46" type="ERR1">error output message</error>
			<system-out>stdout output</system-out>
			<system-err>stderr output</system-err>
		</testcase>
		<testcase classname="myclass4" name="mytest47" time="539.000000">
			<system-out>stdout output</system-out>
			<system-err>stderr output</system-err>
		</testcase>
		<testcase classname="myclass4" name="mytest48" time="283.000000">
			<system-out>stdout output</system-out>
			<system-err>stderr output</system-err>
		</testcase>
		<testcase classname="myclass4" name="mytest49" time="350.000000">
			<system-out>stdout output</system-out>
			<system-err>stderr output</system-err>
		</testcase>
		<testcase classname="myclass5" name="mytest0" time="758.000000">
			<skipped message="skipped 5 0" type="skipped">skipped output message</skipped>
			<system-out>stdout output</system-out>
			<system-err>stderr output</system-err>
		</testcase>
		<testcase classname="myclass5" name="mytest1" time="151.000000">
			<system-out>stdout output</system-out>
			<system-err>stderr output</system-err>
		</testcase>
		<testcase classname="myclass5" name="mytest2" time="380.000000">
			<system-out>stdout output</system-out>
			<system-err>stderr output</system-err>
		</testcase>
		<testcase classname="myclass5" name="mytest3" time="194.000000">
			<system-out>stdout output</system-out>
			<system-err>stderr output</system-err>
		</testcase>
		<testcase classname="myclass5" name="mytest4" time="347.000000">
			<system-out>stdout output</system-out>
			<system-err>stderr output</system-err>
		</testcase>
		<testcase classname="myclass5" name="mytest5" time="462.000000">
			<system-out>stdout output</system-out>
			<system-err>stderr output</system-err>
		</testcase>
		<testcase classname="myclass5" name="mytest6" time="374.000000">
			<system-out>stdout output</system-out>
			<system-err>stderr output</system-err>
		</testcase>
		<testcase classname="myclass5" name="mytest7" time="475.000000">
			<skipped message="skipped 5 7" type="skipped">skipped output message</skipped>
			<system-out>stdout output</system-out>
			<system-err>stderr output</system-err>
		</testcase>
		<testcase classname="myclass5" name="mytest8" time="322.000000">
			<system-out>stdout output</system-out>
			<system-err>stderr output</system-err>
		</testcase>
		<testcase classname="myclass5" name="mytest9" time="597.000000">
			<system-out>stdout output</system-out>
			<system-err>stderr output</system-err>
		</testcase>
		<testcase classname="myclass5" name="mytest10" time="620.000000">
			<system-out>stdout output</system-out>
			<system-err>stderr output</system-err>
		</testcase>
		<testcase classname="myclass5" name="mytest11" time="285.000000">
			<system-out>stdout output</system-out>
			<system-err>stderr output</system-err>
		</testcase>
		<testcase classname="myclass5" name="mytest12" time="828.000000">
			<system-out>stdout output</system-out>
			<system-err>stderr output</system-err>
		</testcase>
		<testcase classname="myclass5" name="mytest13" time="995.000000">
			<system-out>stdout output</system-out>
			<system-err>stderr output</system-err>
		</testcase>
		<testcase classname="myclass5" name="mytest14" time="633.000000">
			<error message="error 5 14" type="ERR1">error output message</error>
			<system-out>stdout output</system-out>
			<system-err>stderr output</system-err>
		</testcase>
		<testcase classname="myclass5" name="mytest15" time="593.000000">
			<skipped message="skipped 5 15" type="skipped">skipped output message</skipped>
			<system-out>stdout output</system-out>
			<system-err>stderr output</system-err>
		</testcase>
		<testcase classname="myclass5" name="mytest16" time="131.000000">
			<system-out>stdout output</system-out>
			<system-err>stderr output</system-err>
		</testcase>
		<testcase classname="myclass5" name="mytest17" time="789.000000">
			<error message="error 5 17" type="ERR1">error output message</error>
			<system-out>stdout output</system-out>
			<system-err>stderr output</system-err>
		</testcase>
		<testcase classname="myclass5" name="mytest18" time="183.000000">
			<system-out>stdout output</system-out>
			<system-err>stderr output</system-err>
		</testcase>
		<testcase classname="myclass5" name="mytest19" time="140.000000">
			<system-out>stdout output</system-out>
			<system-err>stderr output</system-err>
		</testcase>
		<testcase classname="myclass5" name="mytest20" time="549.000000">
			<skipped message="skipped 5 20" type="skipped">skipped output message</skipped>
			<system-out>stdout output</system-out>
			<system-err>stderr output</system-err>
		</testcase>
		<testcase classname="myclass5" name="mytest21" time="457.000000">
			<error message="error 5 21" type="ERR1">error output message</error>
			<system-out>stdout output</system-out>
			<system-err>stderr output</system-err>
		</testcase>
		<testcase classname="myclass5" name="mytest22" time="815.000000">
			<system-out>stdout output</system-out>
			<system-err>stderr output</system-err>
		</testcase>
		<testcase classname="myclass5" name="mytest23" time="449.000000">
			<system-out>stdout output</system-out>
			<system-err>stderr output</system-err>
		</testcase>
		<testcase classname="myclass5" name="mytest24" time="132.000000">
			<system-out>stdout output</system-out>
			<system-err>stderr output</system-err>
		</testcase>
		<testcase classname="myclass5" name="mytest25" time="522.000000">
			<system-out>stdout output</system-out>
			<system-err>stderr output</system-err>
		</testcase>
		<testcase classname="myclass5" name="mytest26" time="991.000000">
			<system-out>stdout output</system-out>
			<system-err>stderr output</system-err>
		</testcase>
		<testcase classname="myclass5" name="mytest27" time="772.000000">
			<skipped message="skipped 5 27" type="skipped">skipped output message</skipped>
			<system-out>stdout output</system-out>
			<system-err>stderr output</system-err>
		</testcase>
		<testcase classname="myclass5" name="mytest28" time="846.000000">
			<system-out>stdout output</system-out>
			<system-err>stderr output</system-err>
		</testcase>
		<testcase classname="myclass5" name="mytest29" time="144.000000">
			<system-out>stdout output</system-out>
			<system-err>stderr output</system-err>
		</testcase>
		<testcase classname="myclass5" name="mytest30" time="689.000000">
			<failure message="failure 5 30" type="FAIL1">failure output message</failure>
			<system-out>stdout output</system-out>
			<system-err>stderr output</system-err>
		</testcase>
		<testcase classname="myclass5" name="mytest31" time="894.000000">
			<system-out>stdout output</system-out>
			<system-err>stderr output</system-err>
		</testcase>
		<testcase classname="myclass5" name="mytest32" time="870.000000">
			<system-out>stdout output</system-out>
			<system-err>stderr output</system-err>
		</testcase>
		<testcase classname="myclass5" name="mytest33" time="758.000000">
			<system-out>stdout output</system-out>
			<system-err>stderr output</system-err>
		</testcase>
		<testcase classname="myclass5" name="mytest34" time="277.000000">
			<error message="error 5 34" type="ERR1">error output message</error>
			<system-out>stdout output</system-out>
			<system-err>stderr output</system-err>
		</testcase>
		<testcase classname="myclass5" name="mytest35" time="671.000000">
			<system-out>stdout output</system-out>
			<system-err>stderr output</system-err>
		</testcase>
		<testcase classname="myclass5" name="mytest36" time="925.000000">
			<skipped message="skipped 5 36" type="skipped">skipped output message</skipped>
			<system-out>stdout output</system-out>
			<system-err>stderr output</system-err>
		</testcase>
		<testcase classname="myclass5" name="mytest37" time="601.000000">
			<system-out>stdout output</system-out>
			<system-err>stderr output</system-err>
		</testcase>
		<testcase classname="myclass5" name="mytest38" time="149.000000">
			<error message="error 5 38" type="ERR1">error output message</error>
			<system-out>stdout output</system-out>
			<system-err>stderr output</system-err>
		</testcase>
		<testcase classname="myclass5" name="mytest39" time="177.000000">
			<system-out>stdout output</system-out>
			<system-err>stderr output</system-err>
		</testcase>
		<testcase classname="myclass5" name="mytest40" time="955.000000">
			<system-out>stdout output</system-out>
			<system-err>stderr output</system-err>
		</testcase>
		<testcase classname="myclass5" name="mytest41" time="740.000000">
			<system-out>stdout output</system-out>
			<system-err>stderr output</system-err>
		</testcase>
		<testcase classname="myclass5" name="mytest42" time="563.000000">
			<system-out>stdout output</system-out>
			<system-err>stderr output</system-err>
		</testcase>
		<testcase classname="myclass5" name="mytest43" time="139.000000">
			<system-out>stdout output</system-out>
			<system-err>stderr output</system-err>
		</testcase>
		<testcase classname="myclass5" name="mytest44" time="445.000000">
			<system-out>stdout output</system-out>
			<system-err>stderr output</system-err>
		</testcase>
		<testcase classname="myclass5" name="mytest45" time="883.000000">
			<error message="error 5 45" type="ERR1">error output message</error>
			<system-out>stdout output</system-out>
			<system-err>stderr output</system-err>
		</testcase>
		<testcase classname="myclass5" name="mytest46" time="983.000000">
			<error message="error 5 46" type="ERR1">error output message</error>
			<system-out>stdout output</system-out>
			<system-err>stderr output</system-err>
		</testcase>
		<testcase classname="myclass5" name="mytest47" time="963.000000">
			<error message="error 5 47" type="ERR1">error output message</error>
			<system-out>stdout output</system-out>
			<system-err>stderr output</system-err>
		</testcase>
		<testcase classname="myclass5" name="mytest48" time="154.000000">
			<error message="error 5 48" type="ERR1">error output message</error>
			<system-out>stdout output</system-out>
			<system-err>stderr output</system-err>
		</testcase>
		<testcase classname="myclass5" name="mytest49" time="758.000000">
			<system-out>stdout output</system-out>
			<system-err>stderr output</system-err>
		</testcase>
		<testcase classname="myclass6" name="mytest0" time="389.000000">
			<error message="error 6 0" type="ERR1">error output message</error>
			<system-out>stdout output</system-out>
			<system-err>stderr output</system-err>
		</testcase>
		<testcase classname="myclass6" name="mytest1" time="153.000000">
			<error message="error 6 1" type="ERR1">error output message</error>
			<system-out>stdout output</system-out>
			<system-err>stderr output</system-err>
		</testcase>
		<testcase classname="myclass6" name="mytest2" time="296.000000">
			<failure message="failure 6 2" type="FAIL1">failure output message</failure>
			<system-out>stdout output</system-out>
			<system-err>stderr output</system-err>
		</testcase>
		<testcase classname="myclass6" name="mytest3" time="127.000000">
			<error message="error 6 3" type="ERR1">error output message</error>
			<system-out>stdout output</system-out>
			<system-err>stderr output</system-err>
		</testcase>
		<testcase classname="myclass6" name="mytest4" time="118.000000">
			<skipped message="skipped 6 4" type="skipped">skipped output message</skipped>
			<system-out>stdout output</system-out>
			<system-err>stderr output</system-err>
		</testcase>
		<testcase classname="myclass6" name="mytest5" time="968.000000">
			<error message="error 6 5" type="ERR1">error output message</error>
			<system-out>stdout output</system-out>
			<system-err>stderr output</system-err>
		</testcase>
		<testcase classname="myclass6" name="mytest6" time="687.000000">
			<system-out>stdout output</system-out>
			<system-err>stderr output</system-err>
		</testcase>
		<testcase classname="myclass6" name="mytest7" time="422.000000">
			<system-out>stdout output</system-out>
			<system-err>stderr output</system-err>
		</testcase>
		<testcase classname="myclass6" name="mytest8" time="368.000000">
			<system-out>stdout output</system-out>
			<system-err>stderr output</system-err>
		</testcase>
		<testcase classname="myclass6" name="mytest9" time="597.000000">
			<system-out>stdout output</system-out>
			<system-err>stderr output</system-err>
		</testcase>
		<testcase classname="myclass6" name="mytest10" time="666.000000">
			<failure message="failure 6 10" type="FAIL1">failure output message</failure>
			<system-out>stdout output</system-out>
			<system-err>stderr output</system-err>
		</testcase>
		<testcase classname="myclass6" name="mytest11" time="673.000000">
			<system-out>stdout output</system-out>
			<system-err>stderr output</system-err>
		</testcase>
		<testcase classname="myclass6" name="mytest12" time="958.000000">
			<error message="error 6 12" type="ERR1">error output message</error>
			<system-out>stdout output</system-out>
			<system-err>stderr output</system-err>
		</testcase>
		<testcase classname="myclass6" name="mytest13" time="909.000000">
			<system-out>stdout output</system-out>
			<system-err>stderr output</system-err>
		</testcase>
		<testcase classname="myclass6" name="mytest14" time="516.000000">
			<system-out>stdout output</system-out>
			<system-err>stderr output</system-err>
		</testcase>
		<testcase classname="myclass6" name="mytest15" time="284.000000">
			<system-out>stdout output</system-out>
			<system-err>stderr output</system-err>
		</testcase>
		<testcase classname="myclass6" name="mytest16" time="682.000000">
			<system-out>stdout output</system-out>
			<system-err>stderr output</system-err>
		</testcase>
		<testcase classname="myclass6" name="mytest17" time="752.000000">
			<system-out>stdout output</system-out>
			<system-err>stderr output</system-err>
		</testcase>
		<testcase classname="myclass6" name="mytest18" time="200.000000">
			<error message="error 6 18" type="ERR1">error output message</error>
			<system-out>stdout output</system-out>
			<system-err>stderr output</system-err>
		</testcase>
		<testcase classname="myclass6" name="mytest19" time="296.000000">
			<system-out>stdout output</system-out>
			<system-err>stderr output</system-err>
		</testcase>
		<testcase classname="myclass6" name="mytest20" time="998.000000">
			<system-out>stdout output</system-out>
			<system-err>stderr output</system-err>
		</testcase>
		<testcase classname="myclass6" name="mytest21" time="816.000000">
			<failure message="failure 6 21" type="FAIL1">failure output message</failure>
			<system-out>stdout output</system-out>
			<system-err>stderr output</system-err>
		</testcase>
		<testcase classname="myclass6" name="mytest22" time="974.000000">
			<system-out>stdout output</system-out>
			<system-err>stderr output</system-err>
		</testcase>
		<testcase classname="myclass6" name="mytest23" time="696.000000">
			<system-out>stdout output</system-out>
			<system-err>stderr output</system-err>
		</testcase>
		<testcase classname="myclass6" name="mytest24" time="585.000000">
			<error message="error 6 24" type="ERR1">error output message</error>
			<system-out>stdout output</system-out>
			<system-err>stderr output</system-err>
		</testcase>
		<testcase classname="myclass6" name="mytest25" time="762.000000">
			<system-out>stdout output</system-out>
			<system-err>stderr output</system-err>
		</testcase>
		<testcase classname="myclass6" name="mytest26" time="414.000000">
			<error message="error 6 26" type="ERR1">error output message</error>
			<system-out>stdout output</system-out>
			<system-err>stderr output</system-err>
		</testcase>
		<testcase classname="myclass6" name="mytest27" time="708.000000">
			<system-out>stdout output</system-out>
			<system-err>stderr output</system-err>
		</testcase>
		<testcase classname="myclass6" name="mytest28" time="113.000000">
			<failure message="failure 6 28" type="FAIL1">failure output message</failure>
			<system-out>stdout output</system-out>
			<system-err>stderr output</system-err>
		</testcase>
		<testcase classname="myclass6" name="mytest29" time="327.000000">
			<system-out>stdout output</system-out>
			<system-err>stderr output</system-err>
		</testcase>
		<testcase classname="myclass6" name="mytest30" time="435.000000">
			<system-out>stdout output</system-out>
			<system-err>stderr output</system-err>
		</testcase>
		<testcase classname="myclass6" name="mytest31" time="501.000000">
			<system-out>stdout output</system-out>
			<system-err>stderr output</system-err>
		</testcase>
		<testcase classname="myclass6" name="mytest32" time="386.000000">
			<failure message="failure 6 32" type="FAIL1">failure output message</failure>
			<system-out>stdout output</system-out>
			<system-err>stderr output</system-err>
		</testcase>
		<testcase classname="myclass6" name="mytest33" time="143.000000">
			<skipped message="skipped 6 33" type="skipped">skipped output message</skipped>
			<system-out>stdout output</system-out>
			<system-err>stderr output</system-err>
		</testcase>
		<testcase classname="myclass6" name="mytest34" time="693.000000">
			<error message="error 6 34" type="ERR1">error output message</error>
			<system-out>stdout output</system-out>
			<system-err>stderr output</system-err>
		</testcase>
		<testcase classname="myclass6" name="mytest35" time="954.000000">
			<system-out>stdout output</system-out>
			<system-err>stderr output</system-err>
		</testcase>
		<testcase classname="myclass6" name="mytest36" time="280.000000">
			<skipped message="skipped 6 36" type="skipped">skipped output message</skipped>
			<system-out>stdout output</system-out>
			<system-err>stderr output</system-err>
		</testcase>
		<testcase classname="myclass6" name="mytest37" time="910.000000">
			<error message="error 6 37" type="ERR1">error output message</error>
			<system-out>stdout output</system-out>
			<system-err>stderr output</system-err>
		</testcase>
		<testcase classname="myclass6" name="mytest38" time="249.000000">
			<system-out>stdout output</system-out>
			<system-err>stderr output</system-err>
		</testcase>
		<testcase classname="myclass6" name="mytest39" time="141.000000">
			<system-out>stdout output</system-out>
			<system-err>stderr output</system-err>
		</testcase>
		<testcase classname="myclass6" name="mytest40" time="662.000000">
			<error message="error 6 40" type="ERR1">error output message</error>
			<system-out>stdout output</system-out>
			<system-err>stderr output</system-err>
		</testcase>
		<testcase classname="myclass6" name="mytest41" time="608.000000">
			<system-out>stdout output</system-out>
			<system-err>stderr output</system-err>
		</testcase>
		<testcase classname="myclass6" name="mytest42" time="790.000000">
			<system-out>stdout output</system-out>
			<system-err>stderr output</system-err>
		</testcase>
		<testcase classname="myclass6" name="mytest43" time="724.000000">
			<system-out>stdout output</system-out>
			<system-err>stderr output</system-err>
		</testcase>
		<testcase classname="myclass6" name="mytest44" time="370.000000">
			<failure message="failure 6 44" type="FAIL1">failure output message</failure>
			<system-out>stdout output</system-out>
			<system-err>stderr output</system-err>
		</testcase>
		<testcase classname="myclass6" name="mytest45" time="592.000000">
			<system-out>stdout output</system-out>
			<system-err>stderr output</system-err>
		</testcase>
		<testcase classname="myclass6" name="mytest46" time="258.000000">
			<system-out>stdout output</system-out>
			<system-err>stderr output</system-err>
		</testcase>
		<testcase classname="myclass6" name="mytest47" time="458.000000">
			<system-out>stdout output</system-out>
			<system-err>stderr output</system-err>
		</testcase>
		<testcase classname="myclass6" name="mytest48" time="716.000000">
			<system-out>stdout output</system-out>
			<system-err>stderr output</system-err>
		</testcase>
		<testcase classname="myclass6" name="mytest49" time="799.000000">
			<system-out>stdout output</system-out>
			<system-err>stderr output</system-err>
		</testcase>
		<testcase classname="myclass7" name="mytest0" time="205.000000">
			<system-out>stdout output</system-out>
			<system-err>stderr output</system-err>
		</testcase>
		<testcase classname="myclass7" name="mytest1" time="419.000000">
			<system-out>stdout output</system-out>
			<system-err>stderr output</system-err>
		</testcase>
		<testcase classname="myclass7" name="mytest2" time="272.000000">
			<system-out>stdout output</system-out>
			<system-err>stderr output</system-err>
		</testcase>
		<testcase classname="myclass7" name="mytest3" time="585.000000">
			<system-out>stdout output</system-out>
			<system-err>stderr output</system-err>
		</testcase>
		<testcase classname="myclass7" name="mytest4" time="953.000000">
			<error message="error 7 4" type="ERR1">error output message</error>
			<system-out>stdout output</system-out>
			<system-err>stderr output</system-err>
		</testcase>
		<testcase classname="myclass7" name="mytest5" time="467.000000">
			<system-out>stdout output</system-out>
			<system-err>stderr output</system-err>
		</testcase>
		<testcase classname="myclass7" name="mytest6" time="527.000000">
			<system-out>stdout output</system-out>
			<system-err>stderr output</system-err>
		</testcase>
		<testcase classname="myclass7" name="mytest7" time="974.000000">
			<system-out>stdout output</system-out>
			<system-err>stderr output</system-err>
		</testcase>
		<testcase classname="myclass7" name="mytest8" time="283.000000">
			<system-out>stdout output</system-out>
			<system-err>stderr output</system-err>
		</testcase>
		<testcase classname="myclass7" name="mytest9" time="667.000000">
			<skipped message="skipped 7 9" type="skipped">skipped output message</skipped>
			<system-out>stdout output</system-out>
			<system-err>stderr output</system-err>
		</testcase>
		<testcase classname="myclass7" name="mytest10" time="623.000000">
			<system-out>stdout output</system-out>
			<system-err>stderr output</system-err>
		</testcase>
		<testcase classname="myclass7" name="mytest11" time="654.000000">
			<system-out>stdout output</system-out>
			<system-err>stderr output</system-err>
		</testcase>
		<testcase classname="myclass7" name="mytest12" time="286.000000">
			<system-out>stdout output</system-out>
			<system-err>stderr output</system-err>
		</testcase>
		<testcase classname="myclass7" name="mytest13" time="979.000000">
			<error message="error 7 13" type="ERR1">error output message</error>
			<system-out>stdout output</system-out>
			<system-err>stderr output</system-err>
		</testcase>
		<testcase classname="myclass7" name="mytest14" time="233.000000">
			<system-out>stdout output</system-out>
			<system-err>stderr output</system-err>
		</testcase>
		<testcase classname="myclass7" name="mytest15" time="981.000000">
			<system-out>stdout output</system-out>
			<system-err>stderr output</system-err>
		</testcase>
		<testcase classname="myclass7" name="mytest16" time="327.000000">
			<system-out>stdout output</system-out>
			<system-err>stderr output</system-err>
		</testcase>
		<testcase classname="myclass7" name="mytest17" time="199.000000">
			<system-out>stdout output</system-out>
			<system-err>stderr output</system-err>
		</testcase>
		<testcase classname="myclass7" name="mytest18" time="359.000000">
			<system-out>stdout output</system-out>
			<system-err>stderr output</system-err>
		</testcase>
		<testcase classname="myclass7" name="mytest19" time="592.000000">
			<system-out>stdout output</system-out>
			<system-err>stderr output</system-err>
		</testcase>
		<testcase classname="myclass7" name="mytest20" time="498.000000">
			<system-out>stdout output</system-out>
			<system-err>stderr output</system-err>
		</testcase>
		<testcase classname="myclass7" name="mytest21" time="784.000000">
			<failure message="failure 7 21" type="FAIL1">failure output message</failure>
			<system-out>stdout output</system-out>
			<system-err>stderr output</system-err>
		</testcase>
		<testcase classname="myclass7" name="mytest22" time="522.000000">
			<system-out>stdout output</system-out>
			<system-err>stderr output</system-err>
		</testcase>
		<testcase classname="myclass7" name="mytest23" time="503.000000">
			<system-out>stdout output</system-out>
			<system-err>stderr output</system-err>
		</testcase>
		<testcase classname="myclass7" name="mytest24" time="266.000000">
			<skipped message="skipped 7 24" type="skipped">skipped output message</skipped>
			<system-out>stdout output</system-out>
			<system-err>stderr output</system-err>
		</testcase>
		<testcase classname="myclass7" name="mytest25" time="537.000000">
			<system-out>stdout output</system-out>
			<system-err>stderr output</system-err>
		</testcase>
		<testcase classname="myclass7" name="mytest26" time="995.000000">
			<system-out>stdout output</system-out>
			<system-err>stderr output</system-err>
		</testcase>
		<testcase classname="myclass7" name="mytest27" time="508.000000">
			<system-out>stdout output</system-out>
			<system-err>stderr output</system-err>
		</testcase>
		<testcase classname="myclass7" name="mytest28" time="302.000000">
			<system-out>stdout output</system-out>
			<system-err>stderr output</system-err>
		</testcase>
		<testcase classname="myclass7" name="mytest29" time="329.000000">
			<skipped message="skipped 7 29" type="skipped">skipped output message</skipped>
			<system-out>stdout output</system-out>
			<system-err>stderr output</system-err>
		</testcase>
		<testcase classname="myclass7" name="mytest30" time="550.000000">
			<error message="error 7 30" type="ERR1">error output message</error>
			<system-out>stdout output</system-out>
			<system-err>stderr output</system-err>
		</testcase>
		<testcase classname="myclass7" name="mytest31" time="143.000000">
			<error message="error 7 31" type="ERR1">error output message</error>
			<system-out>stdout output</system-out>
			<system-err>stderr output</system-err>
		</testcase>
		<testcase classname="myclass7" name="mytest32" time="954.000000">
			<failure message="failure 7 32" type="FAIL1">failure output message</failure>
			<system-out>stdout output</system-out>
			<system-err>stderr output</system-err>
		</testcase>
		<testcase classname="myclass7" name="mytest33" time="612.000000">
			<system-out>stdout output</system-out>
			<system-err>stderr output</system-err>
		</testcase>
		<testcase classname="myclass7" name="mytest34" time="349.000000">
			<system-out>stdout output</system-out>
			<system-err>stderr output</system-err>
		</testcase>
		<testcase classname="myclass7" name="mytest35" time="760.000000">
			<system-out>stdout output</system-out>
			<system-err>stderr output</system-err>
		</testcase>
		<testcase classname="myclass7" name="mytest36" time="192.000000">
			<error message="error 7 36" type="ERR1">error output message</error>
			<system-out>stdout output</system-out>
			<system-err>stderr output</system-err>
		</testcase>
		<testcase classname="myclass7" name="mytest37" time="484.000000">
			<system-out>stdout output</system-out>
			<system-err>stderr output</system-err>
		</testcase>
		<testcase classname="myclass7" name="mytest38" time="687.000000">
			<system-out>stdout output</system-out>
			<system-err>stderr output</system-err>
		</testcase>
		<testcase classname="myclass7" name="mytest39" time="355.000000">
			<system-out>stdout output</system-out>
			<system-err>stderr output</system-err>
		</testcase>
		<testcase classname="myclass7" name="mytest40" time="571.000000">
			<failure message="failure 7 40" type="FAIL1">failure output message</failure>
			<system-out>stdout output</system-out>
			<system-err>stderr output</system-err>
		</testcase>
		<testcase classname="myclass7" name="mytest41" time="382.000000">
			<system-out>stdout output</system-out>
			<system-err>stderr output</system-err>
		</testcase>
		<testcase classname="myclass7" name="mytest42" time="699.000000">
			<system-out>stdout output</system-out>
			<system-err>stderr output</system-err>
		</testcase>
		<testcase classname="myclass7" name="mytest43" time="342.000000">
			<error message="error 7 43" type="ERR1">error output message</error>
			<system-out>stdout output</system-out>
			<system-err>stderr output</system-err>
		</testcase>
		<testcase classname="myclass7" name="mytest44" time="812.000000">
			<failure message="failure 7 44" type="FAIL1">failure output message</failure>
			<system-out>stdout output</system-out>
			<system-err>stderr output</system-err>
		</testcase>
		<testcase classname="myclass7" name="mytest45" time="340.000000">
			<system-out>stdout output</system-out>
			<system-err>stderr output</system-err>
		</testcase>
		<testcase classname="myclass7" name="mytest46" time="806.000000">
			<system-out>stdout output</system-out>
			<system-err>stderr output</system-err>
		</testcase>
		<testcase classname="myclass7" name="mytest47" time="197.000000">
			<system-out>stdout output</system-out>
			<system-err>stderr output</system-err>
		</testcase>
		<testcase classname="myclass7" name="mytest48" time="681.000000">
			<error message="error 7 48" type="ERR1">error output message</error>
			<system-out>stdout output</system-out>
			<system-err>stderr output</system-err>
		</testcase>
		<testcase classname="myclass7" name="mytest49" time="422.000000">
			<error message="error 7 49" type="ERR1">error output message</error>
			<system-out>stdout output</system-out>
			<system-err>stderr output</system-err>
		</testcase>
		<testcase classname="myclass8" name="mytest0" time="275.000000">
			<system-out>stdout output</system-out>
			<system-err>stderr output</system-err>
		</testcase>
		<testcase classname="myclass8" name="mytest1" time="737.000000">
			<system-out>stdout output</system-out>
			<system-err>stderr output</system-err>
		</testcase>
		<testcase classname="myclass8" name="mytest2" time="901.000000">
			<system-out>stdout output</system-out>
			<system-err>stderr output</system-err>
		</testcase>
		<testcase classname="myclass8" name="mytest3" time="395.000000">
			<system-out>stdout output</system-out>
			<system-err>stderr output</system-err>
		</testcase>
		<testcase classname="myclass8" name="mytest4" time="177.000000">
			<error message="error 8 4" type="ERR1">error output message</error>
			<system-out>stdout output</system-out>
			<system-err>stderr output</system-err>
		</testcase>
		<testcase classname="myclass8" name="mytest5" time="647.000000">
			<failure message="failure 8 5" type="FAIL1">failure output message</failure>
			<system-out>stdout output</system-out>
			<system-err>stderr output</system-err>
		</testcase>
		<testcase classname="myclass8" name="mytest6" time="202.000000">
			<system-out>stdout output</system-out>
			<system-err>stderr output</system-err>
		</testcase>
		<testcase classname="myclass8" name="mytest7" time="803.000000">
			<error message="error 8 7" type="ERR1">error output message</error>
			<system-out>stdout output</system-out>
			<system-err>stderr output</system-err>
		</testcase>
		<testcase classname="myclass8" name="mytest8" time="392.000000">
			<system-out>stdout output</system-out>
			<system-err>stderr output</system-err>
		</testcase>
		<testcase classname="myclass8" name="mytest9" time="169.000000">
			<system-out>stdout output</system-out>
			<system-err>stderr output</system-err>
		</testcase>
		<testcase classname="myclass8" name="mytest10" time="835.000000">
			<error message="error 8 10" type="ERR1">error output message</error>
			<system-out>stdout output</system-out>
			<system-err>stderr output</system-err>
		</testcase>
		<testcase classname="myclass8" name="mytest11" time="602.000000">
			<system-out>stdout output</system-out>
			<system-err>stderr output</system-err>
		</testcase>
		<testcase classname="myclass8" name="mytest12" time="880.000000">
			<system-out>stdout output</system-out>
			<system-err>stderr output</system-err>
		</testcase>
		<testcase classname="myclass8" name="mytest13" time="195.000000">
			<system-out>stdout output</system-out>
			<system-err>stderr output</system-err>
		</testcase>
		<testcase classname="myclass8" name="mytest14" time="406.000000">
			<system-out>stdout output</system-out>
			<system-err>stderr output</system-err>
		</testcase>
		<testcase classname="myclass8" name="mytest15" time="907.000000">
			<system-out>stdout output</system-out>
			<system-err>stderr output</system-err>
		</testcase>
		<testcase classname="myclass8" name="mytest16" time="747.000000">
			<system-out>stdout output</system-out>
			<system-err>stderr output</system-err>
		</testcase>
		<testcase classname="myclass8" name="mytest17" time="420.000000">
			<error message="error 8 17" type="ERR1">error output message</error>
			<system-out>stdout output</system-out>
			<system-err>stderr output</system-err>
		</testcase>
		<testcase classname="myclass8" name="mytest18" time="166.000000">
			<error message="error 8 18" type="ERR1">error output message</error>
			<system-out>stdout output</system-out>
			<system-err>stderr output</system-err>
		</testcase>
		<testcase classname="myclass8" name="mytest19" time="934.000000">
			<error message="error 8 19" type="ERR1">error output message</error>
			<system-out>stdout output</system-out>
			<system-err>stderr output</system-err>
		</testcase>
		<testcase classname="myclass8" name="mytest20" time="828.000000">
			<system-out>stdout output</system-out>
			<system-err>stderr output</system-err>
		</testcase>
		<testcase classname="myclass8" name="mytest21" time="452.000000">
			<error message="error 8 21" type="ERR1">error output message</error>
			<system-out>stdout output</system-out>
			<system-err>stderr output</system-err>
		</testcase>
		<testcase classname="myclass8" name="mytest22" time="794.000000">
			<system-out>stdout output</system-out>
			<system-err>stderr output</system-err>
		</testcase>
		<testcase classname="myclass8" name="mytest23" time="574.000000">
			<system-out>stdout output</system-out>
			<system-err>stderr output</system-err>
		</testcase>
		<testcase classname="myclass8" name="mytest24" time="494.000000">
			<error message="error 8 24" type="ERR1">error output message</error>
			<system-out>stdout output</system-out>
			<system-err>stderr output</system-err>
		</testcase>
		<testcase classname="myclass8" name="mytest25" time="580.000000">
			<system-out>stdout output</system-out>
			<system-err>stderr output</system-err>
		</testcase>
		<testcase classname="myclass8" name="mytest26" time="823.000000">
			<skipped message="skipped 8 26" type="skipped">skipped output message</skipped>
			<system-out>stdout output</system-out>
			<system-err>stderr output</system-err>
		</testcase>
		<testcase classname="myclass8" name="mytest27" time="275.000000">
			<system-out>stdout output</system-out>
			<system-err>stderr output</system-err>
		</testcase>
		<testcase classname="myclass8" name="mytest28" time="889.000000">
			<system-out>stdout output</system-out>
			<system-err>stderr output</system-err>
		</testcase>
		<testcase classname="myclass8" name="mytest29" time="876.000000">
			<system-out>stdout output</system-out>
			<system-err>stderr output</system-err>
		</testcase>
		<testcase classname="myclass8" name="mytest30" time="657.000000">
			<system-out>stdout output</system-out>
			<system-err>stderr output</system-err>
		</testcase>
		<testcase classname="myclass8" name="mytest31" time="859.000000">
			<system-out>stdout output</system-out>
			<system-err>stderr output</system-err>
		</testcase>
		<testcase classname="myclass8" name="mytest32" time="222.000000">
			<error message="error 8 32" type="ERR1">error output message</error>
			<system-out>stdout output</system-out>
			<system-err>stderr output</system-err>
		</testcase>
		<testcase classname="myclass8" name="mytest33" time="458.000000">
			<system-out>stdout output</system-out>
			<system-err>stderr output</system-err>
		</testcase>
		<testcase classname="myclass8" name="mytest34" time="604.000000">
			<system-out>stdout output</system-out>
			<system-err>stderr output</system-err>
		</testcase>
		<testcase classname="myclass8" name="mytest35" time="725.000000">
			<system-out>stdout output</system-out>
			<system-err>stderr output</system-err>
		</testcase>
		<testcase classname="myclass8" name="mytest36" time="676.000000">
			<system-out>stdout output</system-out>
			<system-err>stderr output</system-err>
		</testcase>
		<testcase classname="myclass8" name="mytest37" time="750.000000">
			<system-out>stdout output</system-out>
			<system-err>stderr output</system-err>
		</testcase>
		<testcase classname="myclass8" name="mytest38" time="971.000000">
			<skipped message="skipped 8 38" type="skipped">skipped output message</skipped>
			<system-out>stdout output</system-out>
			<system-err>stderr output</system-err>
		</testcase>
		<testcase classname="myclass8" name="mytest39" time="145.000000">
			<system-out>stdout output</system-out>
			<system-err>stderr output</system-err>
		</testcase>
		<testcase classname="myclass8" name="mytest40" time="814.000000">
			<error message="error 8 40" type="ERR1">error output message</error>
			<system-out>stdout output</system-out>
			<system-err>stderr output</system-err>
		</testcase>
		<testcase classname="myclass8" name="mytest41" time="340.000000">
			<error message="error 8 41" type="ERR1">error output message</error>
			<system-out>stdout output</system-out>
			<system-err>stderr output</system-err>
		</testcase>
		<testcase classname="myclass8" name="mytest42" time="821.000000">
			<system-out>stdout output</system-out>
			<system-err>stderr output</system-err>
		</testcase>
		<testcase classname="myclass8" name="mytest43" time="393.000000">
			<system-out>stdout output</system-out>
			<system-err>stderr output</system-err>
		</testcase>
		<testcase classname="myclass8" name="mytest44" time="711.000000">
			<system-out>stdout output</system-out>
			<system-err>stderr output</system-err>
		</testcase>
		<testcase classname="myclass8" name="mytest45" time="959.000000">
			<system-out>stdout output</system-out>
			<system-err>stderr output</system-err>
		</testcase>
		<testcase classname="myclass8" name="mytest46" time="203.000000">
			<system-out>stdout output</system-out>
			<system-err>stderr output</system-err>
		</testcase>
		<testcase classname="myclass8" name="mytest47" time="634.000000">
			<system-out>stdout output</system-out>
			<system-err>stderr output</system-err>
		</testcase>
		<testcase classname="myclass8" name="mytest48" time="191.000000">
			<error message="error 8 48" type="ERR1">error output message</error>
			<system-out>stdout output</system-out>
			<system-err>stderr output</system-err>
		</testcase>
		<testcase classname="myclass8" name="mytest49" time="992.000000">
			<system-out>stdout output</system-out>
			<system-err>stderr output</system-err>
		</testcase>
		<testcase classname="myclass9" name="mytest0" time="107.000000">
			<error message="error 9 0" type="ERR1">error output message</error>
			<system-out>stdout output</system-out>
			<system-err>stderr output</system-err>
		</testcase>
		<testcase classname="myclass9" name="mytest1" time="561.000000">
			<system-out>stdout output</system-out>
			<system-err>stderr output</system-err>
		</testcase>
		<testcase classname="myclass9" name="mytest2" time="359.000000">
			<system-out>stdout output</system-out>
			<system-err>stderr output</system-err>
		</testcase>
		<testcase classname="myclass9" name="mytest3" time="252.000000">
			<skipped message="skipped 9 3" type="skipped">skipped output message</skipped>
			<system-out>stdout output</system-out>
			<system-err>stderr output</system-err>
		</testcase>
		<testcase classname="myclass9" name="mytest4" time="176.000000">
			<failure message="failure 9 4" type="FAIL1">failure output message</failure>
			<system-out>stdout output</system-out>
			<system-err>stderr output</system-err>
		</testcase>
		<testcase classname="myclass9" name="mytest5" time="886.000000">
			<skipped message="skipped 9 5" type="skipped">skipped output message</skipped>
			<system-out>stdout output</system-out>
			<system-err>stderr output</system-err>
		</testcase>
		<testcase classname="myclass9" name="mytest6" time="157.000000">
			<error message="error 9 6" type="ERR1">error output message</error>
			<system-out>stdout output</system-out>
			<system-err>stderr output</system-err>
		</testcase>
		<testcase classname="myclass9" name="mytest7" time="536.000000">
			<system-out>stdout output</system-out>
			<system-err>stderr output</system-err>
		</testcase>
		<testcase classname="myclass9" name="mytest8" time="561.000000">
			<system-out>stdout output</system-out>
			<system-err>stderr output</system-err>
		</testcase>
		<testcase classname="myclass9" name="mytest9" time="590.000000">
			<system-out>stdout output</system-out>
			<system-err>stderr output</system-err>
		</testcase>
		<testcase classname="myclass9" name="mytest10" time="623.000000">
			<system-out>stdout output</system-out>
			<system-err>stderr output</system-err>
		</testcase>
		<testcase classname="myclass9" name="mytest11" time="769.000000">
			<system-out>stdout output</system-out>
			<system-err>stderr output</system-err>
		</testcase>
		<testcase classname="myclass9" name="mytest12" time="438.000000">
			<system-out>stdout output</system-out>
			<system-err>stderr output</system-err>
		</testcase>
		<testcase classname="myclass9" name="mytest13" time="726.000000">
			<system-out>stdout output</system-out>
			<system-err>stderr output</system-err>
		</testcase>
		<testcase classname="myclass9" name="mytest14" time="849.000000">
			<system-out>stdout output</system-out>
			<system-err>stderr output</system-err>
		</testcase>
		<testcase classname="myclass9" name="mytest15" time="741.000000">
			<error message="error 9 15" type="ERR1">error output message</error>
			<system-out>stdout output</system-out>
			<system-err>stderr output</system-err>
		</testcase>
		<testcase classname="myclass9" name="mytest16" time="765.000000">
			<error message="error 9 16" type="ERR1">error output message</error>
			<system-out>stdout output</system-out>
			<system-err>stderr output</system-err>
		</testcase>
		<testcase classname="myclass9" name="mytest17" time="224.000000">
			<system-out>stdout output</system-out>
			<system-err>stderr output</system-err>
		</testcase>
		<testcase classname="myclass9" name="mytest18" time="195.000000">
			<system-out>stdout output</system-out>
			<system-err>stderr output</system-err>
		</testcase>
		<testcase classname="myclass9" name="mytest19" time="735.000000">
			<skipped message="skipped 9 19" type="skipped">skipped output message</skipped>
			<system-out>stdout output</system-out>
			<system-err>stderr output</system-err>
		</testcase>
		<testcase classname="myclass9" name="mytest20" time="621.000000">
			<system-out>stdout output</system-out>
			<system-err>stderr output</system-err>
		</testcase>
		<testcase classname="myclass9" name="mytest21" time="345.000000">
			<system-out>stdout output</system-out>
			<system-err>stderr output</system-err>
		</testcase>
		<testcase classname="myclass9" name="mytest22" time="312.000000">
			<system-out>stdout output</system-out>
			<system-err>stderr output</system-err>
		</testcase>
		<testcase classname="myclass9" name="mytest23" time="220.000000">
			<system-out>stdout output</system-out>
			<system-err>stderr output</system-err>
		</testcase>
		<testcase classname="myclass9" name="mytest24" time="518.000000">
			<failure message="failure 9 24" type="FAIL1">failure output message</failure>
			<system-out>stdout output</system-out>
			<system-err>stderr output</system-err>
		</testcase>
		<testcase classname="myclass9" name="mytest25" time="850.000000">
			<system-out>stdout output</system-out>
			<system-err>stderr output</system-err>
		</testcase>
		<testcase classname="myclass9" name="mytest26" time="711.000000">
			<system-out>stdout output</system-out>
			<system-err>stderr output</system-err>
		</testcase>
		<testcase classname="myclass9" name="mytest27" time="883.000000">
			<error message="error 9 27" type="ERR1">error output message</error>
			<system-out>stdout output</system-out>
			<system-err>stderr output</system-err>
		</testcase>
		<testcase classname="myclass9" name="mytest28" time="488.000000">
			<skipped message="skipped 9 28" type="skipped">skipped output message</skipped>
			<system-out>stdout output</system-out>
			<system-err>stderr output</system-err>
		</testcase>
		<testcase classname="myclass9" name="mytest29" time="338.000000">
			<error message="error 9 29" type="ERR1">error output message</error>
			<system-out>stdout output</system-out>
			<system-err>stderr output</system-err>
		</testcase>
		<testcase classname="myclass9" name="mytest30" time="756.000000">
			<error message="error 9 30" type="ERR1">error output message</error>
			<system-out>stdout output</system-out>
			<system-err>stderr output</system-err>
		</testcase>
		<testcase classname="myclass9" name="mytest31" time="248.000000">
			<system-out>stdout output</system-out>
			<system-err>stderr output</system-err>
		</testcase>
		<testcase classname="myclass9" name="mytest32" time="408.000000">
			<system-out>stdout output</system-out>
			<system-err>stderr output</system-err>
		</testcase>
		<testcase classname="myclass9" name="mytest33" time="792.000000">
			<error message="error 9 33" type="ERR1">error output message</error>
			<system-out>stdout output</system-out>
			<system-err>stderr output</system-err>
		</testcase>
		<testcase classname="myclass9" name="mytest34" time="569.000000">
			<skipped message="skipped 9 34" type="skipped">skipped output message</skipped>
			<system-out>stdout output</system-out>
			<system-err>stderr output</system-err>
		</testcase>
		<testcase classname="myclass9" name="mytest35" time="843.000000">
			<system-out>stdout output</system-out>
			<system-err>stderr output</system-err>
		</testcase>
		<testcase classname="myclass9" name="mytest36" time="177.000000">
			<system-out>stdout output</system-out>
			<system-err>stderr output</system-err>
		</testcase>
		<testcase classname="myclass9" name="mytest37" time="271.000000">
			<system-out>stdout output</system-out>
			<system-err>stderr output</system-err>
		</testcase>
		<testcase classname="myclass9" name="mytest38" time="562.000000">
			<system-out>stdout output</system-out>
			<system-err>stderr output</system-err>
		</testcase>
		<testcase classname="myclass9" name="mytest39" time="826.000000">
			<system-out>stdout output</system-out>
			<system-err>stderr output</system-err>
		</testcase>
		<testcase classname="myclass9" name="mytest40" time="226.000000">
			<system-out>stdout output</system-out>
			<system-err>stderr output</system-err>
		</testcase>
		<testcase classname="myclass9" name="mytest41" time="637.000000">
			<system-out>stdout output</system-out>
			<system-err>stderr output</system-err>
		</testcase>
		<testcase classname="myclass9" name="mytest42" time="684.000000">
			<system-out>stdout output</system-out>
			<system-err>stderr output</system-err>
		</testcase>
		<testcase classname="myclass9" name="mytest43" time="284.000000">
			<system-out>stdout output</system-out>
			<system-err>stderr output</system-err>
		</testcase>
		<testcase classname="myclass9" name="mytest44" time="687.000000">
			<system-out>stdout output</system-out>
			<system-err>stderr output</system-err>
		</testcase>
		<testcase classname="myclass9" name="mytest45" time="818.000000">
			<system-out>stdout output</system-out>
			<system-err>stderr output</system-err>
		</testcase>
		<testcase classname="myclass9" name="mytest46" time="305.000000">
			<failure message="failure 9 46" type="FAIL1">failure output message</failure>
			<system-out>stdout output</system-out>
			<system-err>stderr output</system-err>
		</testcase>
		<testcase classname="myclass9" name="mytest47" time="574.000000">
			<system-out>stdout output</system-out>
			<system-err>stderr output</system-err>
		</testcase>
		<testcase classname="myclass9" name="mytest48" time="720.000000">
			<failure message="failure 9 48" type="FAIL1">failure output message</failure>
			<system-out>stdout output</system-out>
			<system-err>stderr output</system-err>
		</testcase>
		<testcase classname="myclass9" name="mytest49" time="350.000000">
			<system-out>stdout output</system-out>
			<system-err>stderr output</system-err>
		</testcase>
	</testsuite>
</testsuites>
