<?xml version="1.0" ?>
<testsuites disabled="0" errors="6" failures="8" tests="50" time="25464.0">
	<testsuite disabled="0" errors="6" failures="8" hostname="ip-172-31-11-181.us-west-2.compute.internal" name="my test suite" skipped="3" tests="50" time="25464" timestamp="2020-05-26 00:24:06.849751">
		<testcase classname="myclass0" name="mytest0" time="915.000000">
			<system-out>stdout output</system-out>
			<system-err>stderr output</system-err>
		</testcase>
		<testcase classname="myclass0" name="mytest1" time="599.000000">
			<failure message="failure 0 1" type="FAIL1">failure output message</failure>
			<system-out>stdout output</system-out>
			<system-err>stderr output</system-err>
		</testcase>
		<testcase classname="myclass0" name="mytest2" time="157.000000">
			<system-out>stdout output</system-out>
			<system-err>stderr output</system-err>
		</testcase>
		<testcase classname="myclass0" name="mytest3" time="854.000000">
			<system-out>stdout output</system-out>
			<system-err>stderr output</system-err>
		</testcase>
		<testcase classname="myclass0" name="mytest4" time="412.000000">
			<system-out>stdout output</system-out>
			<system-err>stderr output</system-err>
		</testcase>
		<testcase classname="myclass0" name="mytest5" time="852.000000">
			<system-out>stdout output</system-out>
			<system-err>stderr output</system-err>
		</testcase>
		<testcase classname="myclass0" name="mytest6" time="577.000000">
			<failure message="failure 0 6" type="FAIL1">failure output message</failure>
			<system-out>stdout output</system-out>
			<system-err>stderr output</system-err>
		</testcase>
		<testcase classname="myclass0" name="mytest7" time="530.000000">
			<error message="error 0 7" type="ERR1">error output message</error>
			<system-out>stdout output</system-out>
			<system-err>stderr output</system-err>
		</testcase>
		<testcase classname="myclass0" name="mytest8" time="890.000000">
			<system-out>stdout output</system-out>
			<system-err>stderr output</system-err>
		</testcase>
		<testcase classname="myclass0" name="mytest9" time="217.000000">
			<system-out>stdout output</system-out>
			<system-err>stderr output</system-err>
		</testcase>
		<testcase classname="myclass1" name="mytest0" time="520.000000">
			<system-out>stdout output</system-out>
			<system-err>stderr output</system-err>
		</testcase>
		<testcase classname="myclass1" name="mytest1" time="111.000000">
			<error message="error 1 1" type="ERR1">error output message</error>
			<system-out>stdout output</system-out>
			<system-err>stderr output</system-err>
		</testcase>
		<testcase classname="myclass1" name="mytest2" time="227.000000">
			<system-out>stdout output</system-out>
			<system-err>stderr output</system-err>
		</testcase>
		<testcase classname="myclass1" name="mytest3" time="626.000000">
			<skipped message="skipped 1 3" type="skipped">skipped output message</skipped>
			<system-out>stdout output</system-out>
			<system-err>stderr output</system-err>
		</testcase>
		<testcase classname="myclass1" name="mytest4" time="314.000000">
			<error message="error 1 4" type="ERR1">error output message</error>
			<system-out>stdout output</system-out>
			<system-err>stderr output</system-err>
		</testcase>
		<testcase classname="myclass1" name="mytest5" time="316.000000">
			<system-out>stdout output</system-out>
			<system-err>stderr output</system-err>
		</testcase>
		<testcase classname="myclass1" name="mytest6" time="247.000000">
			<system-out>stdout output</system-out>
			<system-err>stderr output</system-err>
		</testcase>
		<testcase classname="myclass1" name="mytest7" time="564.000000">
			<system-out>stdout output</system-out>
			<system-err>stderr output</system-err>
		</testcase>
		<testcase classname="myclass1" name="mytest8" time="155.000000">
			<system-out>stdout output</system-out>
			<system-err>stderr output</system-err>
		</testcase>
		<testcase classname="myclass1" name="mytest9" time="193.000000">
			<failure message="failure 1 9" type="FAIL1">failure output message</failure>
			<system-out>stdout output</system-out>
			<system-err>stderr output</system-err>
		</testcase>
		<testcase classname="myclass2" name="mytest0" time="787.000000">
			<system-out>stdout output</system-out>
			<system-err>stderr output</system-err>
		</testcase>
		<testcase classname="myclass2" name="mytest1" time="407.000000">
			<error message="error 2 1" type="ERR1">error output message</error>
			<system-out>stdout output</system-out>
			<system-err>stderr output</system-err>
		</testcase>
		<testcase classname="myclass2" name="mytest2" time="205.000000">
			<system-out>stdout output</system-out>
			<system-err>stderr output</system-err>
		</testcase>
		<testcase classname="myclass2" name="mytest3" time="183.000000">
			<system-out>stdout output</system-out>
			<system-err>stderr output</system-err>
		</testcase>
		<testcase classname="myclass2" name="mytest4" time="577.000000">
			<failure message="failure 2 4" type="FAIL1">failure output message</failure>
			<system-out>stdout output</system-out>
			<system-err>stderr output</system-err>
		</testcase>
		<testcase classname="myclass2" name="mytest5" time="223.000000">
			<system-out>stdout output</system-out>
			<system-err>stderr output</system-err>
		</testcase>
		<testcase classname="myclass2" name="mytest6" time="448.000000">
			<system-out>stdout output</system-out>
			<system-err>stderr output</system-err>
		</testcase>
		<testcase classname="myclass2" name="mytest7" time="703.000000">
			<system-out>stdout output</system-out>
			<system-err>stderr output</system-err>
		</testcase>
		<testcase classname="myclass2" name="mytest8" time="883.000000">
			<system-out>stdout output</system-out>
			<system-err>stderr output</system-err>
		</testcase>
		<testcase classname="myclass2" name="mytest9" time="682.000000">
			<system-out>stdout output</system-out>
			<system-err>stderr output</system-err>
		</testcase>
		<testcase classname="myclass3" name="mytest0" time="620.000000">
			<skipped message="skipped 3 0" type="skipped">skipped output message</skipped>
			<system-out>stdout output</system-out>
			<system-err>stderr output</system-err>
		</testcase>
		<testcase classname="myclass3" name="mytest1" time="434.000000">
			<system-out>stdout output</system-out>
			<system-err>stderr output</system-err>
		</testcase>
		<testcase classname="myclass3" name="mytest2" time="595.000000">
			<failure message="failure 3 2" type="FAIL1">failure output message</failure>
			<system-out>stdout output</system-out>
			<system-err>stderr output</system-err>
		</testcase>
		<testcase classname="myclass3" name="mytest3" time="894.000000">
			<system-out>stdout output</system-out>
			<system-err>stderr output</system-err>
		</testcase>
		<testcase classname="myclass3" name="mytest4" time="306.000000">
			<skipped message="skipped 3 4" type="skipped">skipped output message</skipped>
			<system-out>stdout output</system-out>
			<system-err>stderr output</system-err>
		</testcase>
		<testcase classname="myclass3" name="mytest5" time="645.000000">
			<failure message="failure 3 5" type="FAIL1">failure output message</failure>
			<system-out>stdout output</system-out>
			<system-err>stderr output</system-err>
		</testcase>
		<testcase classname="myclass3" name="mytest6" time="858.000000">
			<error message="error 3 6" type="ERR1">error output message</error>
			<system-out>stdout output</system-out>
			<system-err>stderr output</system-err>
		</testcase>
		<testcase classname="myclass3" name="mytest7" time="671.000000">
			<error message="error 3 7" type="ERR1">error output message</error>
			<system-out>stdout output</system-out>
			<system-err>stderr output</system-err>
		</testcase>
		<testcase classname="myclass3" name="mytest8" time="891.000000">
			<system-out>stdout output</system-out>
			<system-err>stderr output</system-err>
		</testcase>
		<testcase classname="myclass3" name="mytest9" time="238.000000">
			<system-out>stdout output</system-out>
			<system-err>stderr output</system-err>
		</testcase>
		<testcase classname="myclass4" name="mytest0" time="495.000000">
			<system-out>stdout output</system-out>
			<system-err>stderr output</system-err>
		</testcase>
		<testcase classname="myclass4" name="mytest1" time="833.000000">
			<system-out>stdout output</system-out>
			<system-err>stderr output</system-err>
		</testcase>
		<testcase classname="myclass4" name="mytest2" time="804.000000">
			<system-out>stdout output</system-out>
			<system-err>stderr output</system-err>
		</testcase>
		<testcase classname="myclass4" name="mytest3" time="790.000000">
			<system-out>stdout output</system-out>
			<system-err>stderr output</system-err>
		</testcase>
		<testcase classname="myclass4" name="mytest4" time="438.000000">
			<failure message="failure 4 4" type="FAIL1">failure output message</failure>
			<system-out>stdout output</system-out>
			<system-err>stderr output</system-err>
		</testcase>
		<testcase classname="myclass4" name="mytest5" time="436.000000">
			<system-out>stdout output</system-out>
			<system-err>stderr output</system-err>
		</testcase>
		<testcase classname="myclass4" name="mytest6" time="354.000000">
			<system-out>stdout output</system-out>
			<system-err>stderr output</system-err>
		</testcase>
		<testcase classname="myclass4" name="mytest7" time="340.000000">
			<system-out>stdout output</system-out>
			<system-err>stderr output</system-err>
		</testcase>
		<testcase classname="myclass4" name="mytest8" time="333.000000">
			<failure message="failure 4 8" type="FAIL1">failure output message</failure>
			<system-out>stdout output</system-out>
			<system-err>stderr output</system-err>
		</testcase>
		<testcase classname="myclass4" name="mytest9" time="115.000000">
			<system-out>stdout output</system-out>
			<system-err>stderr output</system-err>
		</testcase>
	</testsuite>
</testsuites>
