<?xml version="1.0" ?>
<testsuites disabled="0" errors="10" failures="2" tests="50" time="26129.0">
	<testsuite disabled="0" errors="10" failures="2" hostname="ip-172-31-11-181.us-west-2.compute.internal" name="my test suite" skipped="4" tests="50" time="26129" timestamp="2020-06-04 00:24:08.261891">
		<testcase classname="myclass0" name="mytest0" time="937.000000">
			<system-out>stdout output</system-out>
			<system-err>stderr output</system-err>
		</testcase>
		<testcase classname="myclass0" name="mytest1" time="276.000000">
			<system-out>stdout output</system-out>
			<system-err>stderr output</system-err>
		</testcase>
		<testcase classname="myclass0" name="mytest2" time="964.000000">
			<skipped message="skipped 0 2" type="skipped">skipped output message</skipped>
			<system-out>stdout output</system-out>
			<system-err>stderr output</system-err>
		</testcase>
		<testcase classname="myclass0" name="mytest3" time="222.000000">
			<error message="error 0 3" type="ERR1">error output message</error>
			<system-out>stdout output</system-out>
			<system-err>stderr output</system-err>
		</testcase>
		<testcase classname="myclass0" name="mytest4" time="906.000000">
			<system-out>stdout output</system-out>
			<system-err>stderr output</system-err>
		</testcase>
		<testcase classname="myclass0" name="mytest5" time="665.000000">
			<system-out>stdout output</system-out>
			<system-err>stderr output</system-err>
		</testcase>
		<testcase classname="myclass0" name="mytest6" time="651.000000">
			<system-out>stdout output</system-out>
			<system-err>stderr output</system-err>
		</testcase>
		<testcase classname="myclass0" name="mytest7" time="406.000000">
			<system-out>stdout output</system-out>
			<system-err>stderr output</system-err>
		</testcase>
		<testcase classname="myclass0" name="mytest8" time="212.000000">
			<system-out>stdout output</system-out>
			<system-err>stderr output</system-err>
		</testcase>
		<testcase classname="myclass0" name="mytest9" time="169.000000">
			<system-out>stdout output</system-out>
			<system-err>stderr output</system-err>
		</testcase>
		<testcase classname="myclass1" name="mytest0" time="397.000000">
			<system-out>stdout output</system-out>
			<system-err>stderr output</system-err>
		</testcase>
		<testcase classname="myclass1" name="mytest1" time="624.000000">
			<error message="error 1 1" type="ERR1">error output message</error>
			<system-out>stdout output</system-out>
			<system-err>stderr output</system-err>
		</testcase>
		<testcase classname="myclass1" name="mytest2" time="116.000000">
			<system-out>stdout output</system-out>
			<system-err>stderr output</system-err>
		</testcase>
		<testcase classname="myclass1" name="mytest3" time="548.000000">
			<system-out>stdout output</system-out>
			<system-err>stderr output</system-err>
		</testcase>
		<testcase classname="myclass1" name="mytest4" time="667.000000">
			<system-out>stdout output</system-out>
			<system-err>stderr output</system-err>
		</testcase>
		<testcase classname="myclass1" name="mytest5" time="815.000000">
			<error message="error 1 5" type="ERR1">error output message</error>
			<system-out>stdout output</system-out>
			<system-err>stderr output</system-err>
		</testcase>
		<testcase classname="myclass1" name="mytest6" time="499.000000">
			<error message="error 1 6" type="ERR1">error output message</error>
			<system-out>stdout output</system-out>
			<system-err>stderr output</system-err>
		</testcase>
		<testcase classname="myclass1" name="mytest7" time="457.000000">
			<system-out>stdout output</system-out>
			<system-err>stderr output</system-err>
		</testcase>
		<testcase classname="myclass1" name="mytest8" time="494.000000">
			<system-out>stdout output</system-out>
			<system-err>stderr output</system-err>
		</testcase>
		<testcase classname="myclass1" name="mytest9" time="337.000000">
			<system-out>stdout output</system-out>
			<system-err>stderr output</system-err>
		</testcase>
		<testcase classname="myclass2" name="mytest0" time="930.000000">
			<system-out>stdout output</system-out>
			<system-err>stderr output</system-err>
		</testcase>
		<testcase classname="myclass2" name="mytest1" time="289.000000">
			<system-out>stdout output</system-out>
			<system-err>stderr output</system-err>
		</testcase>
		<testcase classname="myclass2" name="mytest2" time="298.000000">
			<failure message="failure 2 2" type="FAIL1">failure output message</failure>
			<system-out>stdout output</system-out>
			<system-err>stderr output</system-err>
		</testcase>
		<testcase classname="myclass2" name="mytest3" time="259.000000">
			<failure message="failure 2 3" type="FAIL1">failure output message</failure>
			<system-out>stdout output</system-out>
			<system-err>stderr output</system-err>
		</testcase>
		<testcase classname="myclass2" name="mytest4" time="517.000000">
			<error message="error 2 4" type="ERR1">error output message</error>
			<system-out>stdout output</system-out>
			<system-err>stderr output</system-err>
		</testcase>
		<testcase classname="myclass2" name="mytest5" time="297.000000">
			<system-out>stdout output</system-out>
			<system-err>stderr output</system-err>
		</testcase>
		<testcase classname="myclass2" name="mytest6" time="428.000000">
			<system-out>stdout output</system-out>
			<system-err>stderr output</system-err>
		</testcase>
		<testcase classname="myclass2" name="mytest7" time="938.000000">
			<error message="error 2 7" type="ERR1">error output message</error>
			<system-out>stdout output</system-out>
			<system-err>stderr output</system-err>
		</testcase>
		<testcase classname="myclass2" name="mytest8" time="663.000000">
			<skipped message="skipped 2 8" type="skipped">skipped output message</skipped>
			<system-out>stdout output</system-out>
			<system-err>stderr output</system-err>
		</testcase>
		<testcase classname="myclass2" name="mytest9" time="297.000000">
			<system-out>stdout output</system-out>
			<system-err>stderr output</system-err>
		</testcase>
		<testcase classname="myclass3" name="mytest0" time="189.000000">
			<system-out>stdout output</system-out>
			<system-err>stderr output</system-err>
		</testcase>
		<testcase classname="myclass3" name="mytest1" time="468.000000">
			<system-out>stdout output</system-out>
			<system-err>stderr output</system-err>
		</testcase>
		<testcase classname="myclass3" name="mytest2" time="109.000000">
			<system-out>stdout output</system-out>
			<system-err>stderr output</system-err>
		</testcase>
		<testcase classname="myclass3" name="mytest3" time="592.000000">
			<system-out>stdout output</system-out>
			<system-err>stderr output</system-err>
		</testcase>
		<testcase classname="myclass3" name="mytest4" time="617.000000">
			<system-out>stdout output</system-out>
			<system-err>stderr output</system-err>
		</testcase>
		<testcase classname="myclass3" name="mytest5" time="544.000000">
			<system-out>stdout output</system-out>
			<system-err>stderr output</system-err>
		</testcase>
		<testcase classname="myclass3" name="mytest6" time="884.000000">
			<skipped message="skipped 3 6" type="skipped">skipped output message</skipped>
			<system-out>stdout output</system-out>
			<system-err>stderr output</system-err>
		</testcase>
		<testcase classname="myclass3" name="mytest7" time="595.000000">
			<system-out>stdout output</system-out>
			<system-err>stderr output</system-err>
		</testcase>
		<testcase classname="myclass3" name="mytest8" time="975.000000">
			<error message="error 3 8" type="ERR1">error output message</error>
			<system-out>stdout output</system-out>
			<system-err>stderr output</system-err>
		</testcase>
		<testcase classname="myclass3" name="mytest9" time="260.000000">
			<error message="error 3 9" type="ERR1">error output message</error>
			<system-out>stdout output</system-out>
			<system-err>stderr output</system-err>
		</testcase>
		<testcase classname="myclass4" name="mytest0" time="101.000000">
			<system-out>stdout output</system-out>
			<system-err>stderr output</system-err>
		</testcase>
		<testcase classname="myclass4" name="mytest1" time="693.000000">
			<system-out>stdout output</system-out>
			<system-err>stderr output</system-err>
		</testcase>
		<testcase classname="myclass4" name="mytest2" time="189.000000">
			<system-out>stdout output</system-out>
			<system-err>stderr output</system-err>
		</testcase>
		<testcase classname="myclass4" name="mytest3" time="356.000000">
			<system-out>stdout output</system-out>
			<system-err>stderr output</system-err>
		</testcase>
		<testcase classname="myclass4" name="mytest4" time="555.000000">
			<system-out>stdout output</system-out>
			<system-err>stderr output</system-err>
		</testcase>
		<testcase classname="myclass4" name="mytest5" time="398.000000">
			<system-out>stdout output</system-out>
			<system-err>stderr output</system-err>
		</testcase>
		<testcase classname="myclass4" name="mytest6" time="853.000000">
			<system-out>stdout output</system-out>
			<system-err>stderr output</system-err>
		</testcase>
		<testcase classname="myclass4" name="mytest7" time="732.000000">
			<error message="error 4 7" type="ERR1">error output message</error>
			<system-out>stdout output</system-out>
			<system-err>stderr output</system-err>
		</testcase>
		<testcase classname="myclass4" name="mytest8" time="804.000000">
			<skipped message="skipped 4 8" type="skipped">skipped output message</skipped>
			<system-out>stdout output</system-out>
			<system-err>stderr output</system-err>
		</testcase>
		<testcase classname="myclass4" name="mytest9" time="937.000000">
			<error message="error 4 9" type="ERR1">error output message</error>
			<system-out>stdout output</system-out>
			<system-err>stderr output</system-err>
		</testcase>
	</testsuite>
</testsuites>
